The system is: Linux - 4.13.0-39-generic - x86_64
Compiling the C compiler identification source file "CMakeCCompilerId.c" succeeded.
Compiler: /usr/local/bin/gcc 
Build flags: 
Id flags:  

The output was:
0


Compilation of the C compiler identification source "CMakeCCompilerId.c" produced "a.out"

The C compiler identification is GNU, found in "/home/diehigh/Desktop/test_aws/CMakeFiles/3.9.6/CompilerIdC/a.out"

Compiling the CXX compiler identification source file "CMakeCXXCompilerId.cpp" succeeded.
Compiler: /usr/local/bin/g++ 
Build flags: 
Id flags:  

The output was:
0


Compilation of the CXX compiler identification source "CMakeCXXCompilerId.cpp" produced "a.out"

The CXX compiler identification is GNU, found in "/home/diehigh/Desktop/test_aws/CMakeFiles/3.9.6/CompilerIdCXX/a.out"

Determining if the C compiler works passed with the following output:
Change Dir: /home/diehigh/Desktop/test_aws/CMakeFiles/CMakeTmp

Run Build Command:"/usr/bin/make" "cmTC_cc498/fast"
/usr/bin/make -f CMakeFiles/cmTC_cc498.dir/build.make CMakeFiles/cmTC_cc498.dir/build
make[1]: Entering directory '/home/diehigh/Desktop/test_aws/CMakeFiles/CMakeTmp'
Building C object CMakeFiles/cmTC_cc498.dir/testCCompiler.c.o
/usr/local/bin/gcc    -o CMakeFiles/cmTC_cc498.dir/testCCompiler.c.o   -c /home/diehigh/Desktop/test_aws/CMakeFiles/CMakeTmp/testCCompiler.c
Linking C executable cmTC_cc498
/home/diehigh/Downloads/clion-2017.2.3/bin/cmake/bin/cmake -E cmake_link_script CMakeFiles/cmTC_cc498.dir/link.txt --verbose=1
/usr/local/bin/gcc      CMakeFiles/cmTC_cc498.dir/testCCompiler.c.o  -o cmTC_cc498 
make[1]: Leaving directory '/home/diehigh/Desktop/test_aws/CMakeFiles/CMakeTmp'


Detecting C compiler ABI info compiled with the following output:
Change Dir: /home/diehigh/Desktop/test_aws/CMakeFiles/CMakeTmp

Run Build Command:"/usr/bin/make" "cmTC_280f6/fast"
/usr/bin/make -f CMakeFiles/cmTC_280f6.dir/build.make CMakeFiles/cmTC_280f6.dir/build
make[1]: Entering directory '/home/diehigh/Desktop/test_aws/CMakeFiles/CMakeTmp'
Building C object CMakeFiles/cmTC_280f6.dir/CMakeCCompilerABI.c.o
/usr/local/bin/gcc    -o CMakeFiles/cmTC_280f6.dir/CMakeCCompilerABI.c.o   -c /home/diehigh/Downloads/clion-2017.2.3/bin/cmake/share/cmake-3.9/Modules/CMakeCCompilerABI.c
Linking C executable cmTC_280f6
/home/diehigh/Downloads/clion-2017.2.3/bin/cmake/bin/cmake -E cmake_link_script CMakeFiles/cmTC_280f6.dir/link.txt --verbose=1
/usr/local/bin/gcc     -v CMakeFiles/cmTC_280f6.dir/CMakeCCompilerABI.c.o  -o cmTC_280f6 
Using built-in specs.
COLLECT_GCC=/usr/local/bin/gcc
COLLECT_LTO_WRAPPER=/usr/local/libexec/gcc/x86_64-pc-linux-gnu/7.2.0/lto-wrapper
Target: x86_64-pc-linux-gnu
Configured with: ../gcc-7.2.0/configure
Thread model: posix
gcc version 7.2.0 (GCC) 
COMPILER_PATH=/usr/local/libexec/gcc/x86_64-pc-linux-gnu/7.2.0/:/usr/local/libexec/gcc/x86_64-pc-linux-gnu/7.2.0/:/usr/local/libexec/gcc/x86_64-pc-linux-gnu/:/usr/local/lib/gcc/x86_64-pc-linux-gnu/7.2.0/:/usr/local/lib/gcc/x86_64-pc-linux-gnu/
LIBRARY_PATH=/usr/local/lib/gcc/x86_64-pc-linux-gnu/7.2.0/:/usr/local/lib/gcc/x86_64-pc-linux-gnu/7.2.0/../../../../lib64/:/lib/x86_64-linux-gnu/:/lib/../lib64/:/usr/lib/x86_64-linux-gnu/:/usr/local/lib/gcc/x86_64-pc-linux-gnu/7.2.0/../../../:/lib/:/usr/lib/
COLLECT_GCC_OPTIONS='-v' '-o' 'cmTC_280f6' '-mtune=generic' '-march=x86-64'
 /usr/local/libexec/gcc/x86_64-pc-linux-gnu/7.2.0/collect2 -plugin /usr/local/libexec/gcc/x86_64-pc-linux-gnu/7.2.0/liblto_plugin.so -plugin-opt=/usr/local/libexec/gcc/x86_64-pc-linux-gnu/7.2.0/lto-wrapper -plugin-opt=-fresolution=/tmp/ccP7zIWZ.res -plugin-opt=-pass-through=-lgcc -plugin-opt=-pass-through=-lgcc_s -plugin-opt=-pass-through=-lc -plugin-opt=-pass-through=-lgcc -plugin-opt=-pass-through=-lgcc_s --eh-frame-hdr -m elf_x86_64 -dynamic-linker /lib64/ld-linux-x86-64.so.2 -o cmTC_280f6 /usr/lib/x86_64-linux-gnu/crt1.o /usr/lib/x86_64-linux-gnu/crti.o /usr/local/lib/gcc/x86_64-pc-linux-gnu/7.2.0/crtbegin.o -L/usr/local/lib/gcc/x86_64-pc-linux-gnu/7.2.0 -L/usr/local/lib/gcc/x86_64-pc-linux-gnu/7.2.0/../../../../lib64 -L/lib/x86_64-linux-gnu -L/lib/../lib64 -L/usr/lib/x86_64-linux-gnu -L/usr/local/lib/gcc/x86_64-pc-linux-gnu/7.2.0/../../.. CMakeFiles/cmTC_280f6.dir/CMakeCCompilerABI.c.o -lgcc --as-needed -lgcc_s --no-as-needed -lc -lgcc --as-needed -lgcc_s --no-as-needed /usr/local/lib/gcc/x86_64-pc-linux-gnu/7.2.0/crtend.o /usr/lib/x86_64-linux-gnu/crtn.o
COLLECT_GCC_OPTIONS='-v' '-o' 'cmTC_280f6' '-mtune=generic' '-march=x86-64'
make[1]: Leaving directory '/home/diehigh/Desktop/test_aws/CMakeFiles/CMakeTmp'


Parsed C implicit link information from above output:
  link line regex: [^( *|.*[/\])(ld|CMAKE_LINK_STARTFILE-NOTFOUND|([^/\]+-)?ld|collect2)[^/\]*( |$)]
  ignore line: [Change Dir: /home/diehigh/Desktop/test_aws/CMakeFiles/CMakeTmp]
  ignore line: []
  ignore line: [Run Build Command:"/usr/bin/make" "cmTC_280f6/fast"]
  ignore line: [/usr/bin/make -f CMakeFiles/cmTC_280f6.dir/build.make CMakeFiles/cmTC_280f6.dir/build]
  ignore line: [make[1]: Entering directory '/home/diehigh/Desktop/test_aws/CMakeFiles/CMakeTmp']
  ignore line: [Building C object CMakeFiles/cmTC_280f6.dir/CMakeCCompilerABI.c.o]
  ignore line: [/usr/local/bin/gcc    -o CMakeFiles/cmTC_280f6.dir/CMakeCCompilerABI.c.o   -c /home/diehigh/Downloads/clion-2017.2.3/bin/cmake/share/cmake-3.9/Modules/CMakeCCompilerABI.c]
  ignore line: [Linking C executable cmTC_280f6]
  ignore line: [/home/diehigh/Downloads/clion-2017.2.3/bin/cmake/bin/cmake -E cmake_link_script CMakeFiles/cmTC_280f6.dir/link.txt --verbose=1]
  ignore line: [/usr/local/bin/gcc     -v CMakeFiles/cmTC_280f6.dir/CMakeCCompilerABI.c.o  -o cmTC_280f6 ]
  ignore line: [Using built-in specs.]
  ignore line: [COLLECT_GCC=/usr/local/bin/gcc]
  ignore line: [COLLECT_LTO_WRAPPER=/usr/local/libexec/gcc/x86_64-pc-linux-gnu/7.2.0/lto-wrapper]
  ignore line: [Target: x86_64-pc-linux-gnu]
  ignore line: [Configured with: ../gcc-7.2.0/configure]
  ignore line: [Thread model: posix]
  ignore line: [gcc version 7.2.0 (GCC) ]
  ignore line: [COMPILER_PATH=/usr/local/libexec/gcc/x86_64-pc-linux-gnu/7.2.0/:/usr/local/libexec/gcc/x86_64-pc-linux-gnu/7.2.0/:/usr/local/libexec/gcc/x86_64-pc-linux-gnu/:/usr/local/lib/gcc/x86_64-pc-linux-gnu/7.2.0/:/usr/local/lib/gcc/x86_64-pc-linux-gnu/]
  ignore line: [LIBRARY_PATH=/usr/local/lib/gcc/x86_64-pc-linux-gnu/7.2.0/:/usr/local/lib/gcc/x86_64-pc-linux-gnu/7.2.0/../../../../lib64/:/lib/x86_64-linux-gnu/:/lib/../lib64/:/usr/lib/x86_64-linux-gnu/:/usr/local/lib/gcc/x86_64-pc-linux-gnu/7.2.0/../../../:/lib/:/usr/lib/]
  ignore line: [COLLECT_GCC_OPTIONS='-v' '-o' 'cmTC_280f6' '-mtune=generic' '-march=x86-64']
  link line: [ /usr/local/libexec/gcc/x86_64-pc-linux-gnu/7.2.0/collect2 -plugin /usr/local/libexec/gcc/x86_64-pc-linux-gnu/7.2.0/liblto_plugin.so -plugin-opt=/usr/local/libexec/gcc/x86_64-pc-linux-gnu/7.2.0/lto-wrapper -plugin-opt=-fresolution=/tmp/ccP7zIWZ.res -plugin-opt=-pass-through=-lgcc -plugin-opt=-pass-through=-lgcc_s -plugin-opt=-pass-through=-lc -plugin-opt=-pass-through=-lgcc -plugin-opt=-pass-through=-lgcc_s --eh-frame-hdr -m elf_x86_64 -dynamic-linker /lib64/ld-linux-x86-64.so.2 -o cmTC_280f6 /usr/lib/x86_64-linux-gnu/crt1.o /usr/lib/x86_64-linux-gnu/crti.o /usr/local/lib/gcc/x86_64-pc-linux-gnu/7.2.0/crtbegin.o -L/usr/local/lib/gcc/x86_64-pc-linux-gnu/7.2.0 -L/usr/local/lib/gcc/x86_64-pc-linux-gnu/7.2.0/../../../../lib64 -L/lib/x86_64-linux-gnu -L/lib/../lib64 -L/usr/lib/x86_64-linux-gnu -L/usr/local/lib/gcc/x86_64-pc-linux-gnu/7.2.0/../../.. CMakeFiles/cmTC_280f6.dir/CMakeCCompilerABI.c.o -lgcc --as-needed -lgcc_s --no-as-needed -lc -lgcc --as-needed -lgcc_s --no-as-needed /usr/local/lib/gcc/x86_64-pc-linux-gnu/7.2.0/crtend.o /usr/lib/x86_64-linux-gnu/crtn.o]
    arg [/usr/local/libexec/gcc/x86_64-pc-linux-gnu/7.2.0/collect2] ==> ignore
    arg [-plugin] ==> ignore
    arg [/usr/local/libexec/gcc/x86_64-pc-linux-gnu/7.2.0/liblto_plugin.so] ==> ignore
    arg [-plugin-opt=/usr/local/libexec/gcc/x86_64-pc-linux-gnu/7.2.0/lto-wrapper] ==> ignore
    arg [-plugin-opt=-fresolution=/tmp/ccP7zIWZ.res] ==> ignore
    arg [-plugin-opt=-pass-through=-lgcc] ==> ignore
    arg [-plugin-opt=-pass-through=-lgcc_s] ==> ignore
    arg [-plugin-opt=-pass-through=-lc] ==> ignore
    arg [-plugin-opt=-pass-through=-lgcc] ==> ignore
    arg [-plugin-opt=-pass-through=-lgcc_s] ==> ignore
    arg [--eh-frame-hdr] ==> ignore
    arg [-m] ==> ignore
    arg [elf_x86_64] ==> ignore
    arg [-dynamic-linker] ==> ignore
    arg [/lib64/ld-linux-x86-64.so.2] ==> ignore
    arg [-o] ==> ignore
    arg [cmTC_280f6] ==> ignore
    arg [/usr/lib/x86_64-linux-gnu/crt1.o] ==> ignore
    arg [/usr/lib/x86_64-linux-gnu/crti.o] ==> ignore
    arg [/usr/local/lib/gcc/x86_64-pc-linux-gnu/7.2.0/crtbegin.o] ==> ignore
    arg [-L/usr/local/lib/gcc/x86_64-pc-linux-gnu/7.2.0] ==> dir [/usr/local/lib/gcc/x86_64-pc-linux-gnu/7.2.0]
    arg [-L/usr/local/lib/gcc/x86_64-pc-linux-gnu/7.2.0/../../../../lib64] ==> dir [/usr/local/lib/gcc/x86_64-pc-linux-gnu/7.2.0/../../../../lib64]
    arg [-L/lib/x86_64-linux-gnu] ==> dir [/lib/x86_64-linux-gnu]
    arg [-L/lib/../lib64] ==> dir [/lib/../lib64]
    arg [-L/usr/lib/x86_64-linux-gnu] ==> dir [/usr/lib/x86_64-linux-gnu]
    arg [-L/usr/local/lib/gcc/x86_64-pc-linux-gnu/7.2.0/../../..] ==> dir [/usr/local/lib/gcc/x86_64-pc-linux-gnu/7.2.0/../../..]
    arg [CMakeFiles/cmTC_280f6.dir/CMakeCCompilerABI.c.o] ==> ignore
    arg [-lgcc] ==> lib [gcc]
    arg [--as-needed] ==> ignore
    arg [-lgcc_s] ==> lib [gcc_s]
    arg [--no-as-needed] ==> ignore
    arg [-lc] ==> lib [c]
    arg [-lgcc] ==> lib [gcc]
    arg [--as-needed] ==> ignore
    arg [-lgcc_s] ==> lib [gcc_s]
    arg [--no-as-needed] ==> ignore
    arg [/usr/local/lib/gcc/x86_64-pc-linux-gnu/7.2.0/crtend.o] ==> ignore
    arg [/usr/lib/x86_64-linux-gnu/crtn.o] ==> ignore
  collapse library dir [/usr/local/lib/gcc/x86_64-pc-linux-gnu/7.2.0] ==> [/usr/local/lib/gcc/x86_64-pc-linux-gnu/7.2.0]
  collapse library dir [/usr/local/lib/gcc/x86_64-pc-linux-gnu/7.2.0/../../../../lib64] ==> [/usr/local/lib64]
  collapse library dir [/lib/x86_64-linux-gnu] ==> [/lib/x86_64-linux-gnu]
  collapse library dir [/lib/../lib64] ==> [/lib64]
  collapse library dir [/usr/lib/x86_64-linux-gnu] ==> [/usr/lib/x86_64-linux-gnu]
  collapse library dir [/usr/local/lib/gcc/x86_64-pc-linux-gnu/7.2.0/../../..] ==> [/usr/local/lib]
  implicit libs: [gcc;gcc_s;c;gcc;gcc_s]
  implicit dirs: [/usr/local/lib/gcc/x86_64-pc-linux-gnu/7.2.0;/usr/local/lib64;/lib/x86_64-linux-gnu;/lib64;/usr/lib/x86_64-linux-gnu;/usr/local/lib]
  implicit fwks: []




Detecting C [-std=c11] compiler features compiled with the following output:
Change Dir: /home/diehigh/Desktop/test_aws/CMakeFiles/CMakeTmp

Run Build Command:"/usr/bin/make" "cmTC_de3ca/fast"
/usr/bin/make -f CMakeFiles/cmTC_de3ca.dir/build.make CMakeFiles/cmTC_de3ca.dir/build
make[1]: Entering directory '/home/diehigh/Desktop/test_aws/CMakeFiles/CMakeTmp'
Building C object CMakeFiles/cmTC_de3ca.dir/feature_tests.c.o
/usr/local/bin/gcc   -std=c11 -o CMakeFiles/cmTC_de3ca.dir/feature_tests.c.o   -c /home/diehigh/Desktop/test_aws/CMakeFiles/feature_tests.c
Linking C executable cmTC_de3ca
/home/diehigh/Downloads/clion-2017.2.3/bin/cmake/bin/cmake -E cmake_link_script CMakeFiles/cmTC_de3ca.dir/link.txt --verbose=1
/usr/local/bin/gcc      CMakeFiles/cmTC_de3ca.dir/feature_tests.c.o  -o cmTC_de3ca 
make[1]: Leaving directory '/home/diehigh/Desktop/test_aws/CMakeFiles/CMakeTmp'


    Feature record: C_FEATURE:1c_function_prototypes
    Feature record: C_FEATURE:1c_restrict
    Feature record: C_FEATURE:1c_static_assert
    Feature record: C_FEATURE:1c_variadic_macros


Detecting C [-std=c99] compiler features compiled with the following output:
Change Dir: /home/diehigh/Desktop/test_aws/CMakeFiles/CMakeTmp

Run Build Command:"/usr/bin/make" "cmTC_4109f/fast"
/usr/bin/make -f CMakeFiles/cmTC_4109f.dir/build.make CMakeFiles/cmTC_4109f.dir/build
make[1]: Entering directory '/home/diehigh/Desktop/test_aws/CMakeFiles/CMakeTmp'
Building C object CMakeFiles/cmTC_4109f.dir/feature_tests.c.o
/usr/local/bin/gcc   -std=c99 -o CMakeFiles/cmTC_4109f.dir/feature_tests.c.o   -c /home/diehigh/Desktop/test_aws/CMakeFiles/feature_tests.c
Linking C executable cmTC_4109f
/home/diehigh/Downloads/clion-2017.2.3/bin/cmake/bin/cmake -E cmake_link_script CMakeFiles/cmTC_4109f.dir/link.txt --verbose=1
/usr/local/bin/gcc      CMakeFiles/cmTC_4109f.dir/feature_tests.c.o  -o cmTC_4109f 
make[1]: Leaving directory '/home/diehigh/Desktop/test_aws/CMakeFiles/CMakeTmp'


    Feature record: C_FEATURE:1c_function_prototypes
    Feature record: C_FEATURE:1c_restrict
    Feature record: C_FEATURE:0c_static_assert
    Feature record: C_FEATURE:1c_variadic_macros


Detecting C [-std=c90] compiler features compiled with the following output:
Change Dir: /home/diehigh/Desktop/test_aws/CMakeFiles/CMakeTmp

Run Build Command:"/usr/bin/make" "cmTC_7684a/fast"
/usr/bin/make -f CMakeFiles/cmTC_7684a.dir/build.make CMakeFiles/cmTC_7684a.dir/build
make[1]: Entering directory '/home/diehigh/Desktop/test_aws/CMakeFiles/CMakeTmp'
Building C object CMakeFiles/cmTC_7684a.dir/feature_tests.c.o
/usr/local/bin/gcc   -std=c90 -o CMakeFiles/cmTC_7684a.dir/feature_tests.c.o   -c /home/diehigh/Desktop/test_aws/CMakeFiles/feature_tests.c
Linking C executable cmTC_7684a
/home/diehigh/Downloads/clion-2017.2.3/bin/cmake/bin/cmake -E cmake_link_script CMakeFiles/cmTC_7684a.dir/link.txt --verbose=1
/usr/local/bin/gcc      CMakeFiles/cmTC_7684a.dir/feature_tests.c.o  -o cmTC_7684a 
make[1]: Leaving directory '/home/diehigh/Desktop/test_aws/CMakeFiles/CMakeTmp'


    Feature record: C_FEATURE:1c_function_prototypes
    Feature record: C_FEATURE:0c_restrict
    Feature record: C_FEATURE:0c_static_assert
    Feature record: C_FEATURE:0c_variadic_macros
Determining if the CXX compiler works passed with the following output:
Change Dir: /home/diehigh/Desktop/test_aws/CMakeFiles/CMakeTmp

Run Build Command:"/usr/bin/make" "cmTC_05f6a/fast"
/usr/bin/make -f CMakeFiles/cmTC_05f6a.dir/build.make CMakeFiles/cmTC_05f6a.dir/build
make[1]: Entering directory '/home/diehigh/Desktop/test_aws/CMakeFiles/CMakeTmp'
Building CXX object CMakeFiles/cmTC_05f6a.dir/testCXXCompiler.cxx.o
/usr/local/bin/g++     -o CMakeFiles/cmTC_05f6a.dir/testCXXCompiler.cxx.o -c /home/diehigh/Desktop/test_aws/CMakeFiles/CMakeTmp/testCXXCompiler.cxx
Linking CXX executable cmTC_05f6a
/home/diehigh/Downloads/clion-2017.2.3/bin/cmake/bin/cmake -E cmake_link_script CMakeFiles/cmTC_05f6a.dir/link.txt --verbose=1
/usr/local/bin/g++       CMakeFiles/cmTC_05f6a.dir/testCXXCompiler.cxx.o  -o cmTC_05f6a 
make[1]: Leaving directory '/home/diehigh/Desktop/test_aws/CMakeFiles/CMakeTmp'


Detecting CXX compiler ABI info compiled with the following output:
Change Dir: /home/diehigh/Desktop/test_aws/CMakeFiles/CMakeTmp

Run Build Command:"/usr/bin/make" "cmTC_c530b/fast"
/usr/bin/make -f CMakeFiles/cmTC_c530b.dir/build.make CMakeFiles/cmTC_c530b.dir/build
make[1]: Entering directory '/home/diehigh/Desktop/test_aws/CMakeFiles/CMakeTmp'
Building CXX object CMakeFiles/cmTC_c530b.dir/CMakeCXXCompilerABI.cpp.o
/usr/local/bin/g++     -o CMakeFiles/cmTC_c530b.dir/CMakeCXXCompilerABI.cpp.o -c /home/diehigh/Downloads/clion-2017.2.3/bin/cmake/share/cmake-3.9/Modules/CMakeCXXCompilerABI.cpp
Linking CXX executable cmTC_c530b
/home/diehigh/Downloads/clion-2017.2.3/bin/cmake/bin/cmake -E cmake_link_script CMakeFiles/cmTC_c530b.dir/link.txt --verbose=1
/usr/local/bin/g++      -v CMakeFiles/cmTC_c530b.dir/CMakeCXXCompilerABI.cpp.o  -o cmTC_c530b 
Using built-in specs.
COLLECT_GCC=/usr/local/bin/g++
COLLECT_LTO_WRAPPER=/usr/local/libexec/gcc/x86_64-pc-linux-gnu/7.2.0/lto-wrapper
Target: x86_64-pc-linux-gnu
Configured with: ../gcc-7.2.0/configure
Thread model: posix
gcc version 7.2.0 (GCC) 
COMPILER_PATH=/usr/local/libexec/gcc/x86_64-pc-linux-gnu/7.2.0/:/usr/local/libexec/gcc/x86_64-pc-linux-gnu/7.2.0/:/usr/local/libexec/gcc/x86_64-pc-linux-gnu/:/usr/local/lib/gcc/x86_64-pc-linux-gnu/7.2.0/:/usr/local/lib/gcc/x86_64-pc-linux-gnu/
LIBRARY_PATH=/usr/local/lib/gcc/x86_64-pc-linux-gnu/7.2.0/:/usr/local/lib/gcc/x86_64-pc-linux-gnu/7.2.0/../../../../lib64/:/lib/x86_64-linux-gnu/:/lib/../lib64/:/usr/lib/x86_64-linux-gnu/:/usr/local/lib/gcc/x86_64-pc-linux-gnu/7.2.0/../../../:/lib/:/usr/lib/
COLLECT_GCC_OPTIONS='-v' '-o' 'cmTC_c530b' '-shared-libgcc' '-mtune=generic' '-march=x86-64'
 /usr/local/libexec/gcc/x86_64-pc-linux-gnu/7.2.0/collect2 -plugin /usr/local/libexec/gcc/x86_64-pc-linux-gnu/7.2.0/liblto_plugin.so -plugin-opt=/usr/local/libexec/gcc/x86_64-pc-linux-gnu/7.2.0/lto-wrapper -plugin-opt=-fresolution=/tmp/cc2MOlll.res -plugin-opt=-pass-through=-lgcc_s -plugin-opt=-pass-through=-lgcc -plugin-opt=-pass-through=-lc -plugin-opt=-pass-through=-lgcc_s -plugin-opt=-pass-through=-lgcc --eh-frame-hdr -m elf_x86_64 -dynamic-linker /lib64/ld-linux-x86-64.so.2 -o cmTC_c530b /usr/lib/x86_64-linux-gnu/crt1.o /usr/lib/x86_64-linux-gnu/crti.o /usr/local/lib/gcc/x86_64-pc-linux-gnu/7.2.0/crtbegin.o -L/usr/local/lib/gcc/x86_64-pc-linux-gnu/7.2.0 -L/usr/local/lib/gcc/x86_64-pc-linux-gnu/7.2.0/../../../../lib64 -L/lib/x86_64-linux-gnu -L/lib/../lib64 -L/usr/lib/x86_64-linux-gnu -L/usr/local/lib/gcc/x86_64-pc-linux-gnu/7.2.0/../../.. CMakeFiles/cmTC_c530b.dir/CMakeCXXCompilerABI.cpp.o -lstdc++ -lm -lgcc_s -lgcc -lc -lgcc_s -lgcc /usr/local/lib/gcc/x86_64-pc-linux-gnu/7.2.0/crtend.o /usr/lib/x86_64-linux-gnu/crtn.o
COLLECT_GCC_OPTIONS='-v' '-o' 'cmTC_c530b' '-shared-libgcc' '-mtune=generic' '-march=x86-64'
make[1]: Leaving directory '/home/diehigh/Desktop/test_aws/CMakeFiles/CMakeTmp'


Parsed CXX implicit link information from above output:
  link line regex: [^( *|.*[/\])(ld|CMAKE_LINK_STARTFILE-NOTFOUND|([^/\]+-)?ld|collect2)[^/\]*( |$)]
  ignore line: [Change Dir: /home/diehigh/Desktop/test_aws/CMakeFiles/CMakeTmp]
  ignore line: []
  ignore line: [Run Build Command:"/usr/bin/make" "cmTC_c530b/fast"]
  ignore line: [/usr/bin/make -f CMakeFiles/cmTC_c530b.dir/build.make CMakeFiles/cmTC_c530b.dir/build]
  ignore line: [make[1]: Entering directory '/home/diehigh/Desktop/test_aws/CMakeFiles/CMakeTmp']
  ignore line: [Building CXX object CMakeFiles/cmTC_c530b.dir/CMakeCXXCompilerABI.cpp.o]
  ignore line: [/usr/local/bin/g++     -o CMakeFiles/cmTC_c530b.dir/CMakeCXXCompilerABI.cpp.o -c /home/diehigh/Downloads/clion-2017.2.3/bin/cmake/share/cmake-3.9/Modules/CMakeCXXCompilerABI.cpp]
  ignore line: [Linking CXX executable cmTC_c530b]
  ignore line: [/home/diehigh/Downloads/clion-2017.2.3/bin/cmake/bin/cmake -E cmake_link_script CMakeFiles/cmTC_c530b.dir/link.txt --verbose=1]
  ignore line: [/usr/local/bin/g++      -v CMakeFiles/cmTC_c530b.dir/CMakeCXXCompilerABI.cpp.o  -o cmTC_c530b ]
  ignore line: [Using built-in specs.]
  ignore line: [COLLECT_GCC=/usr/local/bin/g++]
  ignore line: [COLLECT_LTO_WRAPPER=/usr/local/libexec/gcc/x86_64-pc-linux-gnu/7.2.0/lto-wrapper]
  ignore line: [Target: x86_64-pc-linux-gnu]
  ignore line: [Configured with: ../gcc-7.2.0/configure]
  ignore line: [Thread model: posix]
  ignore line: [gcc version 7.2.0 (GCC) ]
  ignore line: [COMPILER_PATH=/usr/local/libexec/gcc/x86_64-pc-linux-gnu/7.2.0/:/usr/local/libexec/gcc/x86_64-pc-linux-gnu/7.2.0/:/usr/local/libexec/gcc/x86_64-pc-linux-gnu/:/usr/local/lib/gcc/x86_64-pc-linux-gnu/7.2.0/:/usr/local/lib/gcc/x86_64-pc-linux-gnu/]
  ignore line: [LIBRARY_PATH=/usr/local/lib/gcc/x86_64-pc-linux-gnu/7.2.0/:/usr/local/lib/gcc/x86_64-pc-linux-gnu/7.2.0/../../../../lib64/:/lib/x86_64-linux-gnu/:/lib/../lib64/:/usr/lib/x86_64-linux-gnu/:/usr/local/lib/gcc/x86_64-pc-linux-gnu/7.2.0/../../../:/lib/:/usr/lib/]
  ignore line: [COLLECT_GCC_OPTIONS='-v' '-o' 'cmTC_c530b' '-shared-libgcc' '-mtune=generic' '-march=x86-64']
  link line: [ /usr/local/libexec/gcc/x86_64-pc-linux-gnu/7.2.0/collect2 -plugin /usr/local/libexec/gcc/x86_64-pc-linux-gnu/7.2.0/liblto_plugin.so -plugin-opt=/usr/local/libexec/gcc/x86_64-pc-linux-gnu/7.2.0/lto-wrapper -plugin-opt=-fresolution=/tmp/cc2MOlll.res -plugin-opt=-pass-through=-lgcc_s -plugin-opt=-pass-through=-lgcc -plugin-opt=-pass-through=-lc -plugin-opt=-pass-through=-lgcc_s -plugin-opt=-pass-through=-lgcc --eh-frame-hdr -m elf_x86_64 -dynamic-linker /lib64/ld-linux-x86-64.so.2 -o cmTC_c530b /usr/lib/x86_64-linux-gnu/crt1.o /usr/lib/x86_64-linux-gnu/crti.o /usr/local/lib/gcc/x86_64-pc-linux-gnu/7.2.0/crtbegin.o -L/usr/local/lib/gcc/x86_64-pc-linux-gnu/7.2.0 -L/usr/local/lib/gcc/x86_64-pc-linux-gnu/7.2.0/../../../../lib64 -L/lib/x86_64-linux-gnu -L/lib/../lib64 -L/usr/lib/x86_64-linux-gnu -L/usr/local/lib/gcc/x86_64-pc-linux-gnu/7.2.0/../../.. CMakeFiles/cmTC_c530b.dir/CMakeCXXCompilerABI.cpp.o -lstdc++ -lm -lgcc_s -lgcc -lc -lgcc_s -lgcc /usr/local/lib/gcc/x86_64-pc-linux-gnu/7.2.0/crtend.o /usr/lib/x86_64-linux-gnu/crtn.o]
    arg [/usr/local/libexec/gcc/x86_64-pc-linux-gnu/7.2.0/collect2] ==> ignore
    arg [-plugin] ==> ignore
    arg [/usr/local/libexec/gcc/x86_64-pc-linux-gnu/7.2.0/liblto_plugin.so] ==> ignore
    arg [-plugin-opt=/usr/local/libexec/gcc/x86_64-pc-linux-gnu/7.2.0/lto-wrapper] ==> ignore
    arg [-plugin-opt=-fresolution=/tmp/cc2MOlll.res] ==> ignore
    arg [-plugin-opt=-pass-through=-lgcc_s] ==> ignore
    arg [-plugin-opt=-pass-through=-lgcc] ==> ignore
    arg [-plugin-opt=-pass-through=-lc] ==> ignore
    arg [-plugin-opt=-pass-through=-lgcc_s] ==> ignore
    arg [-plugin-opt=-pass-through=-lgcc] ==> ignore
    arg [--eh-frame-hdr] ==> ignore
    arg [-m] ==> ignore
    arg [elf_x86_64] ==> ignore
    arg [-dynamic-linker] ==> ignore
    arg [/lib64/ld-linux-x86-64.so.2] ==> ignore
    arg [-o] ==> ignore
    arg [cmTC_c530b] ==> ignore
    arg [/usr/lib/x86_64-linux-gnu/crt1.o] ==> ignore
    arg [/usr/lib/x86_64-linux-gnu/crti.o] ==> ignore
    arg [/usr/local/lib/gcc/x86_64-pc-linux-gnu/7.2.0/crtbegin.o] ==> ignore
    arg [-L/usr/local/lib/gcc/x86_64-pc-linux-gnu/7.2.0] ==> dir [/usr/local/lib/gcc/x86_64-pc-linux-gnu/7.2.0]
    arg [-L/usr/local/lib/gcc/x86_64-pc-linux-gnu/7.2.0/../../../../lib64] ==> dir [/usr/local/lib/gcc/x86_64-pc-linux-gnu/7.2.0/../../../../lib64]
    arg [-L/lib/x86_64-linux-gnu] ==> dir [/lib/x86_64-linux-gnu]
    arg [-L/lib/../lib64] ==> dir [/lib/../lib64]
    arg [-L/usr/lib/x86_64-linux-gnu] ==> dir [/usr/lib/x86_64-linux-gnu]
    arg [-L/usr/local/lib/gcc/x86_64-pc-linux-gnu/7.2.0/../../..] ==> dir [/usr/local/lib/gcc/x86_64-pc-linux-gnu/7.2.0/../../..]
    arg [CMakeFiles/cmTC_c530b.dir/CMakeCXXCompilerABI.cpp.o] ==> ignore
    arg [-lstdc++] ==> lib [stdc++]
    arg [-lm] ==> lib [m]
    arg [-lgcc_s] ==> lib [gcc_s]
    arg [-lgcc] ==> lib [gcc]
    arg [-lc] ==> lib [c]
    arg [-lgcc_s] ==> lib [gcc_s]
    arg [-lgcc] ==> lib [gcc]
    arg [/usr/local/lib/gcc/x86_64-pc-linux-gnu/7.2.0/crtend.o] ==> ignore
    arg [/usr/lib/x86_64-linux-gnu/crtn.o] ==> ignore
  collapse library dir [/usr/local/lib/gcc/x86_64-pc-linux-gnu/7.2.0] ==> [/usr/local/lib/gcc/x86_64-pc-linux-gnu/7.2.0]
  collapse library dir [/usr/local/lib/gcc/x86_64-pc-linux-gnu/7.2.0/../../../../lib64] ==> [/usr/local/lib64]
  collapse library dir [/lib/x86_64-linux-gnu] ==> [/lib/x86_64-linux-gnu]
  collapse library dir [/lib/../lib64] ==> [/lib64]
  collapse library dir [/usr/lib/x86_64-linux-gnu] ==> [/usr/lib/x86_64-linux-gnu]
  collapse library dir [/usr/local/lib/gcc/x86_64-pc-linux-gnu/7.2.0/../../..] ==> [/usr/local/lib]
  implicit libs: [stdc++;m;gcc_s;gcc;c;gcc_s;gcc]
  implicit dirs: [/usr/local/lib/gcc/x86_64-pc-linux-gnu/7.2.0;/usr/local/lib64;/lib/x86_64-linux-gnu;/lib64;/usr/lib/x86_64-linux-gnu;/usr/local/lib]
  implicit fwks: []




Detecting CXX [-std=c++1z] compiler features compiled with the following output:
Change Dir: /home/diehigh/Desktop/test_aws/CMakeFiles/CMakeTmp

Run Build Command:"/usr/bin/make" "cmTC_0f251/fast"
/usr/bin/make -f CMakeFiles/cmTC_0f251.dir/build.make CMakeFiles/cmTC_0f251.dir/build
make[1]: Entering directory '/home/diehigh/Desktop/test_aws/CMakeFiles/CMakeTmp'
Building CXX object CMakeFiles/cmTC_0f251.dir/feature_tests.cxx.o
/usr/local/bin/g++    -std=c++1z -o CMakeFiles/cmTC_0f251.dir/feature_tests.cxx.o -c /home/diehigh/Desktop/test_aws/CMakeFiles/feature_tests.cxx
Linking CXX executable cmTC_0f251
/home/diehigh/Downloads/clion-2017.2.3/bin/cmake/bin/cmake -E cmake_link_script CMakeFiles/cmTC_0f251.dir/link.txt --verbose=1
/usr/local/bin/g++       CMakeFiles/cmTC_0f251.dir/feature_tests.cxx.o  -o cmTC_0f251 
make[1]: Leaving directory '/home/diehigh/Desktop/test_aws/CMakeFiles/CMakeTmp'


    Feature record: CXX_FEATURE:1cxx_aggregate_default_initializers
    Feature record: CXX_FEATURE:1cxx_alias_templates
    Feature record: CXX_FEATURE:1cxx_alignas
    Feature record: CXX_FEATURE:1cxx_alignof
    Feature record: CXX_FEATURE:1cxx_attributes
    Feature record: CXX_FEATURE:1cxx_attribute_deprecated
    Feature record: CXX_FEATURE:1cxx_auto_type
    Feature record: CXX_FEATURE:1cxx_binary_literals
    Feature record: CXX_FEATURE:1cxx_constexpr
    Feature record: CXX_FEATURE:1cxx_contextual_conversions
    Feature record: CXX_FEATURE:1cxx_decltype
    Feature record: CXX_FEATURE:1cxx_decltype_auto
    Feature record: CXX_FEATURE:1cxx_decltype_incomplete_return_types
    Feature record: CXX_FEATURE:1cxx_default_function_template_args
    Feature record: CXX_FEATURE:1cxx_defaulted_functions
    Feature record: CXX_FEATURE:1cxx_defaulted_move_initializers
    Feature record: CXX_FEATURE:1cxx_delegating_constructors
    Feature record: CXX_FEATURE:1cxx_deleted_functions
    Feature record: CXX_FEATURE:1cxx_digit_separators
    Feature record: CXX_FEATURE:1cxx_enum_forward_declarations
    Feature record: CXX_FEATURE:1cxx_explicit_conversions
    Feature record: CXX_FEATURE:1cxx_extended_friend_declarations
    Feature record: CXX_FEATURE:1cxx_extern_templates
    Feature record: CXX_FEATURE:1cxx_final
    Feature record: CXX_FEATURE:1cxx_func_identifier
    Feature record: CXX_FEATURE:1cxx_generalized_initializers
    Feature record: CXX_FEATURE:1cxx_generic_lambdas
    Feature record: CXX_FEATURE:1cxx_inheriting_constructors
    Feature record: CXX_FEATURE:1cxx_inline_namespaces
    Feature record: CXX_FEATURE:1cxx_lambdas
    Feature record: CXX_FEATURE:1cxx_lambda_init_captures
    Feature record: CXX_FEATURE:1cxx_local_type_template_args
    Feature record: CXX_FEATURE:1cxx_long_long_type
    Feature record: CXX_FEATURE:1cxx_noexcept
    Feature record: CXX_FEATURE:1cxx_nonstatic_member_init
    Feature record: CXX_FEATURE:1cxx_nullptr
    Feature record: CXX_FEATURE:1cxx_override
    Feature record: CXX_FEATURE:1cxx_range_for
    Feature record: CXX_FEATURE:1cxx_raw_string_literals
    Feature record: CXX_FEATURE:1cxx_reference_qualified_functions
    Feature record: CXX_FEATURE:1cxx_relaxed_constexpr
    Feature record: CXX_FEATURE:1cxx_return_type_deduction
    Feature record: CXX_FEATURE:1cxx_right_angle_brackets
    Feature record: CXX_FEATURE:1cxx_rvalue_references
    Feature record: CXX_FEATURE:1cxx_sizeof_member
    Feature record: CXX_FEATURE:1cxx_static_assert
    Feature record: CXX_FEATURE:1cxx_strong_enums
    Feature record: CXX_FEATURE:1cxx_template_template_parameters
    Feature record: CXX_FEATURE:1cxx_thread_local
    Feature record: CXX_FEATURE:1cxx_trailing_return_types
    Feature record: CXX_FEATURE:1cxx_unicode_literals
    Feature record: CXX_FEATURE:1cxx_uniform_initialization
    Feature record: CXX_FEATURE:1cxx_unrestricted_unions
    Feature record: CXX_FEATURE:1cxx_user_literals
    Feature record: CXX_FEATURE:1cxx_variable_templates
    Feature record: CXX_FEATURE:1cxx_variadic_macros
    Feature record: CXX_FEATURE:1cxx_variadic_templates


Detecting CXX [-std=c++14] compiler features compiled with the following output:
Change Dir: /home/diehigh/Desktop/test_aws/CMakeFiles/CMakeTmp

Run Build Command:"/usr/bin/make" "cmTC_c5863/fast"
/usr/bin/make -f CMakeFiles/cmTC_c5863.dir/build.make CMakeFiles/cmTC_c5863.dir/build
make[1]: Entering directory '/home/diehigh/Desktop/test_aws/CMakeFiles/CMakeTmp'
Building CXX object CMakeFiles/cmTC_c5863.dir/feature_tests.cxx.o
/usr/local/bin/g++    -std=c++14 -o CMakeFiles/cmTC_c5863.dir/feature_tests.cxx.o -c /home/diehigh/Desktop/test_aws/CMakeFiles/feature_tests.cxx
Linking CXX executable cmTC_c5863
/home/diehigh/Downloads/clion-2017.2.3/bin/cmake/bin/cmake -E cmake_link_script CMakeFiles/cmTC_c5863.dir/link.txt --verbose=1
/usr/local/bin/g++       CMakeFiles/cmTC_c5863.dir/feature_tests.cxx.o  -o cmTC_c5863 
make[1]: Leaving directory '/home/diehigh/Desktop/test_aws/CMakeFiles/CMakeTmp'


    Feature record: CXX_FEATURE:1cxx_aggregate_default_initializers
    Feature record: CXX_FEATURE:1cxx_alias_templates
    Feature record: CXX_FEATURE:1cxx_alignas
    Feature record: CXX_FEATURE:1cxx_alignof
    Feature record: CXX_FEATURE:1cxx_attributes
    Feature record: CXX_FEATURE:1cxx_attribute_deprecated
    Feature record: CXX_FEATURE:1cxx_auto_type
    Feature record: CXX_FEATURE:1cxx_binary_literals
    Feature record: CXX_FEATURE:1cxx_constexpr
    Feature record: CXX_FEATURE:1cxx_contextual_conversions
    Feature record: CXX_FEATURE:1cxx_decltype
    Feature record: CXX_FEATURE:1cxx_decltype_auto
    Feature record: CXX_FEATURE:1cxx_decltype_incomplete_return_types
    Feature record: CXX_FEATURE:1cxx_default_function_template_args
    Feature record: CXX_FEATURE:1cxx_defaulted_functions
    Feature record: CXX_FEATURE:1cxx_defaulted_move_initializers
    Feature record: CXX_FEATURE:1cxx_delegating_constructors
    Feature record: CXX_FEATURE:1cxx_deleted_functions
    Feature record: CXX_FEATURE:1cxx_digit_separators
    Feature record: CXX_FEATURE:1cxx_enum_forward_declarations
    Feature record: CXX_FEATURE:1cxx_explicit_conversions
    Feature record: CXX_FEATURE:1cxx_extended_friend_declarations
    Feature record: CXX_FEATURE:1cxx_extern_templates
    Feature record: CXX_FEATURE:1cxx_final
    Feature record: CXX_FEATURE:1cxx_func_identifier
    Feature record: CXX_FEATURE:1cxx_generalized_initializers
    Feature record: CXX_FEATURE:1cxx_generic_lambdas
    Feature record: CXX_FEATURE:1cxx_inheriting_constructors
    Feature record: CXX_FEATURE:1cxx_inline_namespaces
    Feature record: CXX_FEATURE:1cxx_lambdas
    Feature record: CXX_FEATURE:1cxx_lambda_init_captures
    Feature record: CXX_FEATURE:1cxx_local_type_template_args
    Feature record: CXX_FEATURE:1cxx_long_long_type
    Feature record: CXX_FEATURE:1cxx_noexcept
    Feature record: CXX_FEATURE:1cxx_nonstatic_member_init
    Feature record: CXX_FEATURE:1cxx_nullptr
    Feature record: CXX_FEATURE:1cxx_override
    Feature record: CXX_FEATURE:1cxx_range_for
    Feature record: CXX_FEATURE:1cxx_raw_string_literals
    Feature record: CXX_FEATURE:1cxx_reference_qualified_functions
    Feature record: CXX_FEATURE:1cxx_relaxed_constexpr
    Feature record: CXX_FEATURE:1cxx_return_type_deduction
    Feature record: CXX_FEATURE:1cxx_right_angle_brackets
    Feature record: CXX_FEATURE:1cxx_rvalue_references
    Feature record: CXX_FEATURE:1cxx_sizeof_member
    Feature record: CXX_FEATURE:1cxx_static_assert
    Feature record: CXX_FEATURE:1cxx_strong_enums
    Feature record: CXX_FEATURE:1cxx_template_template_parameters
    Feature record: CXX_FEATURE:1cxx_thread_local
    Feature record: CXX_FEATURE:1cxx_trailing_return_types
    Feature record: CXX_FEATURE:1cxx_unicode_literals
    Feature record: CXX_FEATURE:1cxx_uniform_initialization
    Feature record: CXX_FEATURE:1cxx_unrestricted_unions
    Feature record: CXX_FEATURE:1cxx_user_literals
    Feature record: CXX_FEATURE:1cxx_variable_templates
    Feature record: CXX_FEATURE:1cxx_variadic_macros
    Feature record: CXX_FEATURE:1cxx_variadic_templates


Detecting CXX [-std=c++11] compiler features compiled with the following output:
Change Dir: /home/diehigh/Desktop/test_aws/CMakeFiles/CMakeTmp

Run Build Command:"/usr/bin/make" "cmTC_7f04b/fast"
/usr/bin/make -f CMakeFiles/cmTC_7f04b.dir/build.make CMakeFiles/cmTC_7f04b.dir/build
make[1]: Entering directory '/home/diehigh/Desktop/test_aws/CMakeFiles/CMakeTmp'
Building CXX object CMakeFiles/cmTC_7f04b.dir/feature_tests.cxx.o
/usr/local/bin/g++    -std=c++11 -o CMakeFiles/cmTC_7f04b.dir/feature_tests.cxx.o -c /home/diehigh/Desktop/test_aws/CMakeFiles/feature_tests.cxx
Linking CXX executable cmTC_7f04b
/home/diehigh/Downloads/clion-2017.2.3/bin/cmake/bin/cmake -E cmake_link_script CMakeFiles/cmTC_7f04b.dir/link.txt --verbose=1
/usr/local/bin/g++       CMakeFiles/cmTC_7f04b.dir/feature_tests.cxx.o  -o cmTC_7f04b 
make[1]: Leaving directory '/home/diehigh/Desktop/test_aws/CMakeFiles/CMakeTmp'


    Feature record: CXX_FEATURE:0cxx_aggregate_default_initializers
    Feature record: CXX_FEATURE:1cxx_alias_templates
    Feature record: CXX_FEATURE:1cxx_alignas
    Feature record: CXX_FEATURE:1cxx_alignof
    Feature record: CXX_FEATURE:1cxx_attributes
    Feature record: CXX_FEATURE:0cxx_attribute_deprecated
    Feature record: CXX_FEATURE:1cxx_auto_type
    Feature record: CXX_FEATURE:0cxx_binary_literals
    Feature record: CXX_FEATURE:1cxx_constexpr
    Feature record: CXX_FEATURE:0cxx_contextual_conversions
    Feature record: CXX_FEATURE:1cxx_decltype
    Feature record: CXX_FEATURE:0cxx_decltype_auto
    Feature record: CXX_FEATURE:1cxx_decltype_incomplete_return_types
    Feature record: CXX_FEATURE:1cxx_default_function_template_args
    Feature record: CXX_FEATURE:1cxx_defaulted_functions
    Feature record: CXX_FEATURE:1cxx_defaulted_move_initializers
    Feature record: CXX_FEATURE:1cxx_delegating_constructors
    Feature record: CXX_FEATURE:1cxx_deleted_functions
    Feature record: CXX_FEATURE:0cxx_digit_separators
    Feature record: CXX_FEATURE:1cxx_enum_forward_declarations
    Feature record: CXX_FEATURE:1cxx_explicit_conversions
    Feature record: CXX_FEATURE:1cxx_extended_friend_declarations
    Feature record: CXX_FEATURE:1cxx_extern_templates
    Feature record: CXX_FEATURE:1cxx_final
    Feature record: CXX_FEATURE:1cxx_func_identifier
    Feature record: CXX_FEATURE:1cxx_generalized_initializers
    Feature record: CXX_FEATURE:0cxx_generic_lambdas
    Feature record: CXX_FEATURE:1cxx_inheriting_constructors
    Feature record: CXX_FEATURE:1cxx_inline_namespaces
    Feature record: CXX_FEATURE:1cxx_lambdas
    Feature record: CXX_FEATURE:0cxx_lambda_init_captures
    Feature record: CXX_FEATURE:1cxx_local_type_template_args
    Feature record: CXX_FEATURE:1cxx_long_long_type
    Feature record: CXX_FEATURE:1cxx_noexcept
    Feature record: CXX_FEATURE:1cxx_nonstatic_member_init
    Feature record: CXX_FEATURE:1cxx_nullptr
    Feature record: CXX_FEATURE:1cxx_override
    Feature record: CXX_FEATURE:1cxx_range_for
    Feature record: CXX_FEATURE:1cxx_raw_string_literals
    Feature record: CXX_FEATURE:1cxx_reference_qualified_functions
    Feature record: CXX_FEATURE:0cxx_relaxed_constexpr
    Feature record: CXX_FEATURE:0cxx_return_type_deduction
    Feature record: CXX_FEATURE:1cxx_right_angle_brackets
    Feature record: CXX_FEATURE:1cxx_rvalue_references
    Feature record: CXX_FEATURE:1cxx_sizeof_member
    Feature record: CXX_FEATURE:1cxx_static_assert
    Feature record: CXX_FEATURE:1cxx_strong_enums
    Feature record: CXX_FEATURE:1cxx_template_template_parameters
    Feature record: CXX_FEATURE:1cxx_thread_local
    Feature record: CXX_FEATURE:1cxx_trailing_return_types
    Feature record: CXX_FEATURE:1cxx_unicode_literals
    Feature record: CXX_FEATURE:1cxx_uniform_initialization
    Feature record: CXX_FEATURE:1cxx_unrestricted_unions
    Feature record: CXX_FEATURE:1cxx_user_literals
    Feature record: CXX_FEATURE:0cxx_variable_templates
    Feature record: CXX_FEATURE:1cxx_variadic_macros
    Feature record: CXX_FEATURE:1cxx_variadic_templates


Detecting CXX [-std=c++98] compiler features compiled with the following output:
Change Dir: /home/diehigh/Desktop/test_aws/CMakeFiles/CMakeTmp

Run Build Command:"/usr/bin/make" "cmTC_54134/fast"
/usr/bin/make -f CMakeFiles/cmTC_54134.dir/build.make CMakeFiles/cmTC_54134.dir/build
make[1]: Entering directory '/home/diehigh/Desktop/test_aws/CMakeFiles/CMakeTmp'
Building CXX object CMakeFiles/cmTC_54134.dir/feature_tests.cxx.o
/usr/local/bin/g++    -std=c++98 -o CMakeFiles/cmTC_54134.dir/feature_tests.cxx.o -c /home/diehigh/Desktop/test_aws/CMakeFiles/feature_tests.cxx
Linking CXX executable cmTC_54134
/home/diehigh/Downloads/clion-2017.2.3/bin/cmake/bin/cmake -E cmake_link_script CMakeFiles/cmTC_54134.dir/link.txt --verbose=1
/usr/local/bin/g++       CMakeFiles/cmTC_54134.dir/feature_tests.cxx.o  -o cmTC_54134 
make[1]: Leaving directory '/home/diehigh/Desktop/test_aws/CMakeFiles/CMakeTmp'


    Feature record: CXX_FEATURE:0cxx_aggregate_default_initializers
    Feature record: CXX_FEATURE:0cxx_alias_templates
    Feature record: CXX_FEATURE:0cxx_alignas
    Feature record: CXX_FEATURE:0cxx_alignof
    Feature record: CXX_FEATURE:0cxx_attributes
    Feature record: CXX_FEATURE:0cxx_attribute_deprecated
    Feature record: CXX_FEATURE:0cxx_auto_type
    Feature record: CXX_FEATURE:0cxx_binary_literals
    Feature record: CXX_FEATURE:0cxx_constexpr
    Feature record: CXX_FEATURE:0cxx_contextual_conversions
    Feature record: CXX_FEATURE:0cxx_decltype
    Feature record: CXX_FEATURE:0cxx_decltype_auto
    Feature record: CXX_FEATURE:0cxx_decltype_incomplete_return_types
    Feature record: CXX_FEATURE:0cxx_default_function_template_args
    Feature record: CXX_FEATURE:0cxx_defaulted_functions
    Feature record: CXX_FEATURE:0cxx_defaulted_move_initializers
    Feature record: CXX_FEATURE:0cxx_delegating_constructors
    Feature record: CXX_FEATURE:0cxx_deleted_functions
    Feature record: CXX_FEATURE:0cxx_digit_separators
    Feature record: CXX_FEATURE:0cxx_enum_forward_declarations
    Feature record: CXX_FEATURE:0cxx_explicit_conversions
    Feature record: CXX_FEATURE:0cxx_extended_friend_declarations
    Feature record: CXX_FEATURE:0cxx_extern_templates
    Feature record: CXX_FEATURE:0cxx_final
    Feature record: CXX_FEATURE:0cxx_func_identifier
    Feature record: CXX_FEATURE:0cxx_generalized_initializers
    Feature record: CXX_FEATURE:0cxx_generic_lambdas
    Feature record: CXX_FEATURE:0cxx_inheriting_constructors
    Feature record: CXX_FEATURE:0cxx_inline_namespaces
    Feature record: CXX_FEATURE:0cxx_lambdas
    Feature record: CXX_FEATURE:0cxx_lambda_init_captures
    Feature record: CXX_FEATURE:0cxx_local_type_template_args
    Feature record: CXX_FEATURE:0cxx_long_long_type
    Feature record: CXX_FEATURE:0cxx_noexcept
    Feature record: CXX_FEATURE:0cxx_nonstatic_member_init
    Feature record: CXX_FEATURE:0cxx_nullptr
    Feature record: CXX_FEATURE:0cxx_override
    Feature record: CXX_FEATURE:0cxx_range_for
    Feature record: CXX_FEATURE:0cxx_raw_string_literals
    Feature record: CXX_FEATURE:0cxx_reference_qualified_functions
    Feature record: CXX_FEATURE:0cxx_relaxed_constexpr
    Feature record: CXX_FEATURE:0cxx_return_type_deduction
    Feature record: CXX_FEATURE:0cxx_right_angle_brackets
    Feature record: CXX_FEATURE:0cxx_rvalue_references
    Feature record: CXX_FEATURE:0cxx_sizeof_member
    Feature record: CXX_FEATURE:0cxx_static_assert
    Feature record: CXX_FEATURE:0cxx_strong_enums
    Feature record: CXX_FEATURE:1cxx_template_template_parameters
    Feature record: CXX_FEATURE:0cxx_thread_local
    Feature record: CXX_FEATURE:0cxx_trailing_return_types
    Feature record: CXX_FEATURE:0cxx_unicode_literals
    Feature record: CXX_FEATURE:0cxx_uniform_initialization
    Feature record: CXX_FEATURE:0cxx_unrestricted_unions
    Feature record: CXX_FEATURE:0cxx_user_literals
    Feature record: CXX_FEATURE:0cxx_variable_templates
    Feature record: CXX_FEATURE:0cxx_variadic_macros
    Feature record: CXX_FEATURE:0cxx_variadic_templates
The system is: Linux - 4.13.0-39-generic - x86_64
Compiling the C compiler identification source file "CMakeCCompilerId.c" succeeded.
Compiler: /usr/local/bin/gcc 
Build flags: 
Id flags:  

The output was:
0


Compilation of the C compiler identification source "CMakeCCompilerId.c" produced "a.out"

The C compiler identification is GNU, found in "/home/diehigh/Desktop/test_aws/CMakeFiles/3.11.1/CompilerIdC/a.out"

Compiling the CXX compiler identification source file "CMakeCXXCompilerId.cpp" succeeded.
Compiler: /usr/local/bin/g++ 
Build flags: 
Id flags:  

The output was:
0


Compilation of the CXX compiler identification source "CMakeCXXCompilerId.cpp" produced "a.out"

The CXX compiler identification is GNU, found in "/home/diehigh/Desktop/test_aws/CMakeFiles/3.11.1/CompilerIdCXX/a.out"

Determining if the C compiler works passed with the following output:
Change Dir: /home/diehigh/Desktop/test_aws/CMakeFiles/CMakeTmp

Run Build Command:"/usr/bin/make" "cmTC_43182/fast"
/usr/bin/make -f CMakeFiles/cmTC_43182.dir/build.make CMakeFiles/cmTC_43182.dir/build
make[1]: Entering directory '/home/diehigh/Desktop/test_aws/CMakeFiles/CMakeTmp'
Building C object CMakeFiles/cmTC_43182.dir/testCCompiler.c.o
/usr/local/bin/gcc    -o CMakeFiles/cmTC_43182.dir/testCCompiler.c.o   -c /home/diehigh/Desktop/test_aws/CMakeFiles/CMakeTmp/testCCompiler.c
Linking C executable cmTC_43182
/usr/local/bin/cmake -E cmake_link_script CMakeFiles/cmTC_43182.dir/link.txt --verbose=1
/usr/local/bin/gcc      CMakeFiles/cmTC_43182.dir/testCCompiler.c.o  -o cmTC_43182 
make[1]: Leaving directory '/home/diehigh/Desktop/test_aws/CMakeFiles/CMakeTmp'


Detecting C compiler ABI info compiled with the following output:
Change Dir: /home/diehigh/Desktop/test_aws/CMakeFiles/CMakeTmp

Run Build Command:"/usr/bin/make" "cmTC_3ab28/fast"
/usr/bin/make -f CMakeFiles/cmTC_3ab28.dir/build.make CMakeFiles/cmTC_3ab28.dir/build
make[1]: Entering directory '/home/diehigh/Desktop/test_aws/CMakeFiles/CMakeTmp'
Building C object CMakeFiles/cmTC_3ab28.dir/CMakeCCompilerABI.c.o
/usr/local/bin/gcc    -o CMakeFiles/cmTC_3ab28.dir/CMakeCCompilerABI.c.o   -c /usr/local/share/cmake-3.11/Modules/CMakeCCompilerABI.c
Linking C executable cmTC_3ab28
/usr/local/bin/cmake -E cmake_link_script CMakeFiles/cmTC_3ab28.dir/link.txt --verbose=1
/usr/local/bin/gcc     -v CMakeFiles/cmTC_3ab28.dir/CMakeCCompilerABI.c.o  -o cmTC_3ab28 
Using built-in specs.
COLLECT_GCC=/usr/local/bin/gcc
COLLECT_LTO_WRAPPER=/usr/local/libexec/gcc/x86_64-pc-linux-gnu/7.2.0/lto-wrapper
Target: x86_64-pc-linux-gnu
Configured with: ../gcc-7.2.0/configure
Thread model: posix
gcc version 7.2.0 (GCC) 
COMPILER_PATH=/usr/local/libexec/gcc/x86_64-pc-linux-gnu/7.2.0/:/usr/local/libexec/gcc/x86_64-pc-linux-gnu/7.2.0/:/usr/local/libexec/gcc/x86_64-pc-linux-gnu/:/usr/local/lib/gcc/x86_64-pc-linux-gnu/7.2.0/:/usr/local/lib/gcc/x86_64-pc-linux-gnu/
LIBRARY_PATH=/usr/local/lib/gcc/x86_64-pc-linux-gnu/7.2.0/:/usr/local/lib/gcc/x86_64-pc-linux-gnu/7.2.0/../../../../lib64/:/lib/x86_64-linux-gnu/:/lib/../lib64/:/usr/lib/x86_64-linux-gnu/:/usr/local/lib/gcc/x86_64-pc-linux-gnu/7.2.0/../../../:/lib/:/usr/lib/
COLLECT_GCC_OPTIONS='-v' '-o' 'cmTC_3ab28' '-mtune=generic' '-march=x86-64'
 /usr/local/libexec/gcc/x86_64-pc-linux-gnu/7.2.0/collect2 -plugin /usr/local/libexec/gcc/x86_64-pc-linux-gnu/7.2.0/liblto_plugin.so -plugin-opt=/usr/local/libexec/gcc/x86_64-pc-linux-gnu/7.2.0/lto-wrapper -plugin-opt=-fresolution=/tmp/ccVbc6L2.res -plugin-opt=-pass-through=-lgcc -plugin-opt=-pass-through=-lgcc_s -plugin-opt=-pass-through=-lc -plugin-opt=-pass-through=-lgcc -plugin-opt=-pass-through=-lgcc_s --eh-frame-hdr -m elf_x86_64 -dynamic-linker /lib64/ld-linux-x86-64.so.2 -o cmTC_3ab28 /usr/lib/x86_64-linux-gnu/crt1.o /usr/lib/x86_64-linux-gnu/crti.o /usr/local/lib/gcc/x86_64-pc-linux-gnu/7.2.0/crtbegin.o -L/usr/local/lib/gcc/x86_64-pc-linux-gnu/7.2.0 -L/usr/local/lib/gcc/x86_64-pc-linux-gnu/7.2.0/../../../../lib64 -L/lib/x86_64-linux-gnu -L/lib/../lib64 -L/usr/lib/x86_64-linux-gnu -L/usr/local/lib/gcc/x86_64-pc-linux-gnu/7.2.0/../../.. CMakeFiles/cmTC_3ab28.dir/CMakeCCompilerABI.c.o -lgcc --as-needed -lgcc_s --no-as-needed -lc -lgcc --as-needed -lgcc_s --no-as-needed /usr/local/lib/gcc/x86_64-pc-linux-gnu/7.2.0/crtend.o /usr/lib/x86_64-linux-gnu/crtn.o
COLLECT_GCC_OPTIONS='-v' '-o' 'cmTC_3ab28' '-mtune=generic' '-march=x86-64'
make[1]: Leaving directory '/home/diehigh/Desktop/test_aws/CMakeFiles/CMakeTmp'


Parsed C implicit link information from above output:
  link line regex: [^( *|.*[/\])(ld|CMAKE_LINK_STARTFILE-NOTFOUND|([^/\]+-)?ld|collect2)[^/\]*( |$)]
  ignore line: [Change Dir: /home/diehigh/Desktop/test_aws/CMakeFiles/CMakeTmp]
  ignore line: []
  ignore line: [Run Build Command:"/usr/bin/make" "cmTC_3ab28/fast"]
  ignore line: [/usr/bin/make -f CMakeFiles/cmTC_3ab28.dir/build.make CMakeFiles/cmTC_3ab28.dir/build]
  ignore line: [make[1]: Entering directory '/home/diehigh/Desktop/test_aws/CMakeFiles/CMakeTmp']
  ignore line: [Building C object CMakeFiles/cmTC_3ab28.dir/CMakeCCompilerABI.c.o]
  ignore line: [/usr/local/bin/gcc    -o CMakeFiles/cmTC_3ab28.dir/CMakeCCompilerABI.c.o   -c /usr/local/share/cmake-3.11/Modules/CMakeCCompilerABI.c]
  ignore line: [Linking C executable cmTC_3ab28]
  ignore line: [/usr/local/bin/cmake -E cmake_link_script CMakeFiles/cmTC_3ab28.dir/link.txt --verbose=1]
  ignore line: [/usr/local/bin/gcc     -v CMakeFiles/cmTC_3ab28.dir/CMakeCCompilerABI.c.o  -o cmTC_3ab28 ]
  ignore line: [Using built-in specs.]
  ignore line: [COLLECT_GCC=/usr/local/bin/gcc]
  ignore line: [COLLECT_LTO_WRAPPER=/usr/local/libexec/gcc/x86_64-pc-linux-gnu/7.2.0/lto-wrapper]
  ignore line: [Target: x86_64-pc-linux-gnu]
  ignore line: [Configured with: ../gcc-7.2.0/configure]
  ignore line: [Thread model: posix]
  ignore line: [gcc version 7.2.0 (GCC) ]
  ignore line: [COMPILER_PATH=/usr/local/libexec/gcc/x86_64-pc-linux-gnu/7.2.0/:/usr/local/libexec/gcc/x86_64-pc-linux-gnu/7.2.0/:/usr/local/libexec/gcc/x86_64-pc-linux-gnu/:/usr/local/lib/gcc/x86_64-pc-linux-gnu/7.2.0/:/usr/local/lib/gcc/x86_64-pc-linux-gnu/]
  ignore line: [LIBRARY_PATH=/usr/local/lib/gcc/x86_64-pc-linux-gnu/7.2.0/:/usr/local/lib/gcc/x86_64-pc-linux-gnu/7.2.0/../../../../lib64/:/lib/x86_64-linux-gnu/:/lib/../lib64/:/usr/lib/x86_64-linux-gnu/:/usr/local/lib/gcc/x86_64-pc-linux-gnu/7.2.0/../../../:/lib/:/usr/lib/]
  ignore line: [COLLECT_GCC_OPTIONS='-v' '-o' 'cmTC_3ab28' '-mtune=generic' '-march=x86-64']
  link line: [ /usr/local/libexec/gcc/x86_64-pc-linux-gnu/7.2.0/collect2 -plugin /usr/local/libexec/gcc/x86_64-pc-linux-gnu/7.2.0/liblto_plugin.so -plugin-opt=/usr/local/libexec/gcc/x86_64-pc-linux-gnu/7.2.0/lto-wrapper -plugin-opt=-fresolution=/tmp/ccVbc6L2.res -plugin-opt=-pass-through=-lgcc -plugin-opt=-pass-through=-lgcc_s -plugin-opt=-pass-through=-lc -plugin-opt=-pass-through=-lgcc -plugin-opt=-pass-through=-lgcc_s --eh-frame-hdr -m elf_x86_64 -dynamic-linker /lib64/ld-linux-x86-64.so.2 -o cmTC_3ab28 /usr/lib/x86_64-linux-gnu/crt1.o /usr/lib/x86_64-linux-gnu/crti.o /usr/local/lib/gcc/x86_64-pc-linux-gnu/7.2.0/crtbegin.o -L/usr/local/lib/gcc/x86_64-pc-linux-gnu/7.2.0 -L/usr/local/lib/gcc/x86_64-pc-linux-gnu/7.2.0/../../../../lib64 -L/lib/x86_64-linux-gnu -L/lib/../lib64 -L/usr/lib/x86_64-linux-gnu -L/usr/local/lib/gcc/x86_64-pc-linux-gnu/7.2.0/../../.. CMakeFiles/cmTC_3ab28.dir/CMakeCCompilerABI.c.o -lgcc --as-needed -lgcc_s --no-as-needed -lc -lgcc --as-needed -lgcc_s --no-as-needed /usr/local/lib/gcc/x86_64-pc-linux-gnu/7.2.0/crtend.o /usr/lib/x86_64-linux-gnu/crtn.o]
    arg [/usr/local/libexec/gcc/x86_64-pc-linux-gnu/7.2.0/collect2] ==> ignore
    arg [-plugin] ==> ignore
    arg [/usr/local/libexec/gcc/x86_64-pc-linux-gnu/7.2.0/liblto_plugin.so] ==> ignore
    arg [-plugin-opt=/usr/local/libexec/gcc/x86_64-pc-linux-gnu/7.2.0/lto-wrapper] ==> ignore
    arg [-plugin-opt=-fresolution=/tmp/ccVbc6L2.res] ==> ignore
    arg [-plugin-opt=-pass-through=-lgcc] ==> ignore
    arg [-plugin-opt=-pass-through=-lgcc_s] ==> ignore
    arg [-plugin-opt=-pass-through=-lc] ==> ignore
    arg [-plugin-opt=-pass-through=-lgcc] ==> ignore
    arg [-plugin-opt=-pass-through=-lgcc_s] ==> ignore
    arg [--eh-frame-hdr] ==> ignore
    arg [-m] ==> ignore
    arg [elf_x86_64] ==> ignore
    arg [-dynamic-linker] ==> ignore
    arg [/lib64/ld-linux-x86-64.so.2] ==> ignore
    arg [-o] ==> ignore
    arg [cmTC_3ab28] ==> ignore
    arg [/usr/lib/x86_64-linux-gnu/crt1.o] ==> ignore
    arg [/usr/lib/x86_64-linux-gnu/crti.o] ==> ignore
    arg [/usr/local/lib/gcc/x86_64-pc-linux-gnu/7.2.0/crtbegin.o] ==> ignore
    arg [-L/usr/local/lib/gcc/x86_64-pc-linux-gnu/7.2.0] ==> dir [/usr/local/lib/gcc/x86_64-pc-linux-gnu/7.2.0]
    arg [-L/usr/local/lib/gcc/x86_64-pc-linux-gnu/7.2.0/../../../../lib64] ==> dir [/usr/local/lib/gcc/x86_64-pc-linux-gnu/7.2.0/../../../../lib64]
    arg [-L/lib/x86_64-linux-gnu] ==> dir [/lib/x86_64-linux-gnu]
    arg [-L/lib/../lib64] ==> dir [/lib/../lib64]
    arg [-L/usr/lib/x86_64-linux-gnu] ==> dir [/usr/lib/x86_64-linux-gnu]
    arg [-L/usr/local/lib/gcc/x86_64-pc-linux-gnu/7.2.0/../../..] ==> dir [/usr/local/lib/gcc/x86_64-pc-linux-gnu/7.2.0/../../..]
    arg [CMakeFiles/cmTC_3ab28.dir/CMakeCCompilerABI.c.o] ==> ignore
    arg [-lgcc] ==> lib [gcc]
    arg [--as-needed] ==> ignore
    arg [-lgcc_s] ==> lib [gcc_s]
    arg [--no-as-needed] ==> ignore
    arg [-lc] ==> lib [c]
    arg [-lgcc] ==> lib [gcc]
    arg [--as-needed] ==> ignore
    arg [-lgcc_s] ==> lib [gcc_s]
    arg [--no-as-needed] ==> ignore
    arg [/usr/local/lib/gcc/x86_64-pc-linux-gnu/7.2.0/crtend.o] ==> ignore
    arg [/usr/lib/x86_64-linux-gnu/crtn.o] ==> ignore
  collapse library dir [/usr/local/lib/gcc/x86_64-pc-linux-gnu/7.2.0] ==> [/usr/local/lib/gcc/x86_64-pc-linux-gnu/7.2.0]
  collapse library dir [/usr/local/lib/gcc/x86_64-pc-linux-gnu/7.2.0/../../../../lib64] ==> [/usr/local/lib64]
  collapse library dir [/lib/x86_64-linux-gnu] ==> [/lib/x86_64-linux-gnu]
  collapse library dir [/lib/../lib64] ==> [/lib64]
  collapse library dir [/usr/lib/x86_64-linux-gnu] ==> [/usr/lib/x86_64-linux-gnu]
  collapse library dir [/usr/local/lib/gcc/x86_64-pc-linux-gnu/7.2.0/../../..] ==> [/usr/local/lib]
  implicit libs: [gcc;gcc_s;c;gcc;gcc_s]
  implicit dirs: [/usr/local/lib/gcc/x86_64-pc-linux-gnu/7.2.0;/usr/local/lib64;/lib/x86_64-linux-gnu;/lib64;/usr/lib/x86_64-linux-gnu;/usr/local/lib]
  implicit fwks: []




Detecting C [-std=c11] compiler features compiled with the following output:
Change Dir: /home/diehigh/Desktop/test_aws/CMakeFiles/CMakeTmp

Run Build Command:"/usr/bin/make" "cmTC_b6646/fast"
/usr/bin/make -f CMakeFiles/cmTC_b6646.dir/build.make CMakeFiles/cmTC_b6646.dir/build
make[1]: Entering directory '/home/diehigh/Desktop/test_aws/CMakeFiles/CMakeTmp'
Building C object CMakeFiles/cmTC_b6646.dir/feature_tests.c.o
/usr/local/bin/gcc   -std=c11 -o CMakeFiles/cmTC_b6646.dir/feature_tests.c.o   -c /home/diehigh/Desktop/test_aws/CMakeFiles/feature_tests.c
Linking C executable cmTC_b6646
/usr/local/bin/cmake -E cmake_link_script CMakeFiles/cmTC_b6646.dir/link.txt --verbose=1
/usr/local/bin/gcc      CMakeFiles/cmTC_b6646.dir/feature_tests.c.o  -o cmTC_b6646 
make[1]: Leaving directory '/home/diehigh/Desktop/test_aws/CMakeFiles/CMakeTmp'


    Feature record: C_FEATURE:1c_function_prototypes
    Feature record: C_FEATURE:1c_restrict
    Feature record: C_FEATURE:1c_static_assert
    Feature record: C_FEATURE:1c_variadic_macros


Detecting C [-std=c99] compiler features compiled with the following output:
Change Dir: /home/diehigh/Desktop/test_aws/CMakeFiles/CMakeTmp

Run Build Command:"/usr/bin/make" "cmTC_0bde9/fast"
/usr/bin/make -f CMakeFiles/cmTC_0bde9.dir/build.make CMakeFiles/cmTC_0bde9.dir/build
make[1]: Entering directory '/home/diehigh/Desktop/test_aws/CMakeFiles/CMakeTmp'
Building C object CMakeFiles/cmTC_0bde9.dir/feature_tests.c.o
/usr/local/bin/gcc   -std=c99 -o CMakeFiles/cmTC_0bde9.dir/feature_tests.c.o   -c /home/diehigh/Desktop/test_aws/CMakeFiles/feature_tests.c
Linking C executable cmTC_0bde9
/usr/local/bin/cmake -E cmake_link_script CMakeFiles/cmTC_0bde9.dir/link.txt --verbose=1
/usr/local/bin/gcc      CMakeFiles/cmTC_0bde9.dir/feature_tests.c.o  -o cmTC_0bde9 
make[1]: Leaving directory '/home/diehigh/Desktop/test_aws/CMakeFiles/CMakeTmp'


    Feature record: C_FEATURE:1c_function_prototypes
    Feature record: C_FEATURE:1c_restrict
    Feature record: C_FEATURE:0c_static_assert
    Feature record: C_FEATURE:1c_variadic_macros


Detecting C [-std=c90] compiler features compiled with the following output:
Change Dir: /home/diehigh/Desktop/test_aws/CMakeFiles/CMakeTmp

Run Build Command:"/usr/bin/make" "cmTC_6969b/fast"
/usr/bin/make -f CMakeFiles/cmTC_6969b.dir/build.make CMakeFiles/cmTC_6969b.dir/build
make[1]: Entering directory '/home/diehigh/Desktop/test_aws/CMakeFiles/CMakeTmp'
Building C object CMakeFiles/cmTC_6969b.dir/feature_tests.c.o
/usr/local/bin/gcc   -std=c90 -o CMakeFiles/cmTC_6969b.dir/feature_tests.c.o   -c /home/diehigh/Desktop/test_aws/CMakeFiles/feature_tests.c
Linking C executable cmTC_6969b
/usr/local/bin/cmake -E cmake_link_script CMakeFiles/cmTC_6969b.dir/link.txt --verbose=1
/usr/local/bin/gcc      CMakeFiles/cmTC_6969b.dir/feature_tests.c.o  -o cmTC_6969b 
make[1]: Leaving directory '/home/diehigh/Desktop/test_aws/CMakeFiles/CMakeTmp'


    Feature record: C_FEATURE:1c_function_prototypes
    Feature record: C_FEATURE:0c_restrict
    Feature record: C_FEATURE:0c_static_assert
    Feature record: C_FEATURE:0c_variadic_macros
Determining if the CXX compiler works passed with the following output:
Change Dir: /home/diehigh/Desktop/test_aws/CMakeFiles/CMakeTmp

Run Build Command:"/usr/bin/make" "cmTC_bcd47/fast"
/usr/bin/make -f CMakeFiles/cmTC_bcd47.dir/build.make CMakeFiles/cmTC_bcd47.dir/build
make[1]: Entering directory '/home/diehigh/Desktop/test_aws/CMakeFiles/CMakeTmp'
Building CXX object CMakeFiles/cmTC_bcd47.dir/testCXXCompiler.cxx.o
/usr/local/bin/g++     -o CMakeFiles/cmTC_bcd47.dir/testCXXCompiler.cxx.o -c /home/diehigh/Desktop/test_aws/CMakeFiles/CMakeTmp/testCXXCompiler.cxx
Linking CXX executable cmTC_bcd47
/usr/local/bin/cmake -E cmake_link_script CMakeFiles/cmTC_bcd47.dir/link.txt --verbose=1
/usr/local/bin/g++       CMakeFiles/cmTC_bcd47.dir/testCXXCompiler.cxx.o  -o cmTC_bcd47 
make[1]: Leaving directory '/home/diehigh/Desktop/test_aws/CMakeFiles/CMakeTmp'


Detecting CXX compiler ABI info compiled with the following output:
Change Dir: /home/diehigh/Desktop/test_aws/CMakeFiles/CMakeTmp

Run Build Command:"/usr/bin/make" "cmTC_4fe7b/fast"
/usr/bin/make -f CMakeFiles/cmTC_4fe7b.dir/build.make CMakeFiles/cmTC_4fe7b.dir/build
make[1]: Entering directory '/home/diehigh/Desktop/test_aws/CMakeFiles/CMakeTmp'
Building CXX object CMakeFiles/cmTC_4fe7b.dir/CMakeCXXCompilerABI.cpp.o
/usr/local/bin/g++     -o CMakeFiles/cmTC_4fe7b.dir/CMakeCXXCompilerABI.cpp.o -c /usr/local/share/cmake-3.11/Modules/CMakeCXXCompilerABI.cpp
Linking CXX executable cmTC_4fe7b
/usr/local/bin/cmake -E cmake_link_script CMakeFiles/cmTC_4fe7b.dir/link.txt --verbose=1
/usr/local/bin/g++      -v CMakeFiles/cmTC_4fe7b.dir/CMakeCXXCompilerABI.cpp.o  -o cmTC_4fe7b 
Using built-in specs.
COLLECT_GCC=/usr/local/bin/g++
COLLECT_LTO_WRAPPER=/usr/local/libexec/gcc/x86_64-pc-linux-gnu/7.2.0/lto-wrapper
Target: x86_64-pc-linux-gnu
Configured with: ../gcc-7.2.0/configure
Thread model: posix
gcc version 7.2.0 (GCC) 
COMPILER_PATH=/usr/local/libexec/gcc/x86_64-pc-linux-gnu/7.2.0/:/usr/local/libexec/gcc/x86_64-pc-linux-gnu/7.2.0/:/usr/local/libexec/gcc/x86_64-pc-linux-gnu/:/usr/local/lib/gcc/x86_64-pc-linux-gnu/7.2.0/:/usr/local/lib/gcc/x86_64-pc-linux-gnu/
LIBRARY_PATH=/usr/local/lib/gcc/x86_64-pc-linux-gnu/7.2.0/:/usr/local/lib/gcc/x86_64-pc-linux-gnu/7.2.0/../../../../lib64/:/lib/x86_64-linux-gnu/:/lib/../lib64/:/usr/lib/x86_64-linux-gnu/:/usr/local/lib/gcc/x86_64-pc-linux-gnu/7.2.0/../../../:/lib/:/usr/lib/
COLLECT_GCC_OPTIONS='-v' '-o' 'cmTC_4fe7b' '-shared-libgcc' '-mtune=generic' '-march=x86-64'
 /usr/local/libexec/gcc/x86_64-pc-linux-gnu/7.2.0/collect2 -plugin /usr/local/libexec/gcc/x86_64-pc-linux-gnu/7.2.0/liblto_plugin.so -plugin-opt=/usr/local/libexec/gcc/x86_64-pc-linux-gnu/7.2.0/lto-wrapper -plugin-opt=-fresolution=/tmp/cccn2C4p.res -plugin-opt=-pass-through=-lgcc_s -plugin-opt=-pass-through=-lgcc -plugin-opt=-pass-through=-lc -plugin-opt=-pass-through=-lgcc_s -plugin-opt=-pass-through=-lgcc --eh-frame-hdr -m elf_x86_64 -dynamic-linker /lib64/ld-linux-x86-64.so.2 -o cmTC_4fe7b /usr/lib/x86_64-linux-gnu/crt1.o /usr/lib/x86_64-linux-gnu/crti.o /usr/local/lib/gcc/x86_64-pc-linux-gnu/7.2.0/crtbegin.o -L/usr/local/lib/gcc/x86_64-pc-linux-gnu/7.2.0 -L/usr/local/lib/gcc/x86_64-pc-linux-gnu/7.2.0/../../../../lib64 -L/lib/x86_64-linux-gnu -L/lib/../lib64 -L/usr/lib/x86_64-linux-gnu -L/usr/local/lib/gcc/x86_64-pc-linux-gnu/7.2.0/../../.. CMakeFiles/cmTC_4fe7b.dir/CMakeCXXCompilerABI.cpp.o -lstdc++ -lm -lgcc_s -lgcc -lc -lgcc_s -lgcc /usr/local/lib/gcc/x86_64-pc-linux-gnu/7.2.0/crtend.o /usr/lib/x86_64-linux-gnu/crtn.o
COLLECT_GCC_OPTIONS='-v' '-o' 'cmTC_4fe7b' '-shared-libgcc' '-mtune=generic' '-march=x86-64'
make[1]: Leaving directory '/home/diehigh/Desktop/test_aws/CMakeFiles/CMakeTmp'


Parsed CXX implicit link information from above output:
  link line regex: [^( *|.*[/\])(ld|CMAKE_LINK_STARTFILE-NOTFOUND|([^/\]+-)?ld|collect2)[^/\]*( |$)]
  ignore line: [Change Dir: /home/diehigh/Desktop/test_aws/CMakeFiles/CMakeTmp]
  ignore line: []
  ignore line: [Run Build Command:"/usr/bin/make" "cmTC_4fe7b/fast"]
  ignore line: [/usr/bin/make -f CMakeFiles/cmTC_4fe7b.dir/build.make CMakeFiles/cmTC_4fe7b.dir/build]
  ignore line: [make[1]: Entering directory '/home/diehigh/Desktop/test_aws/CMakeFiles/CMakeTmp']
  ignore line: [Building CXX object CMakeFiles/cmTC_4fe7b.dir/CMakeCXXCompilerABI.cpp.o]
  ignore line: [/usr/local/bin/g++     -o CMakeFiles/cmTC_4fe7b.dir/CMakeCXXCompilerABI.cpp.o -c /usr/local/share/cmake-3.11/Modules/CMakeCXXCompilerABI.cpp]
  ignore line: [Linking CXX executable cmTC_4fe7b]
  ignore line: [/usr/local/bin/cmake -E cmake_link_script CMakeFiles/cmTC_4fe7b.dir/link.txt --verbose=1]
  ignore line: [/usr/local/bin/g++      -v CMakeFiles/cmTC_4fe7b.dir/CMakeCXXCompilerABI.cpp.o  -o cmTC_4fe7b ]
  ignore line: [Using built-in specs.]
  ignore line: [COLLECT_GCC=/usr/local/bin/g++]
  ignore line: [COLLECT_LTO_WRAPPER=/usr/local/libexec/gcc/x86_64-pc-linux-gnu/7.2.0/lto-wrapper]
  ignore line: [Target: x86_64-pc-linux-gnu]
  ignore line: [Configured with: ../gcc-7.2.0/configure]
  ignore line: [Thread model: posix]
  ignore line: [gcc version 7.2.0 (GCC) ]
  ignore line: [COMPILER_PATH=/usr/local/libexec/gcc/x86_64-pc-linux-gnu/7.2.0/:/usr/local/libexec/gcc/x86_64-pc-linux-gnu/7.2.0/:/usr/local/libexec/gcc/x86_64-pc-linux-gnu/:/usr/local/lib/gcc/x86_64-pc-linux-gnu/7.2.0/:/usr/local/lib/gcc/x86_64-pc-linux-gnu/]
  ignore line: [LIBRARY_PATH=/usr/local/lib/gcc/x86_64-pc-linux-gnu/7.2.0/:/usr/local/lib/gcc/x86_64-pc-linux-gnu/7.2.0/../../../../lib64/:/lib/x86_64-linux-gnu/:/lib/../lib64/:/usr/lib/x86_64-linux-gnu/:/usr/local/lib/gcc/x86_64-pc-linux-gnu/7.2.0/../../../:/lib/:/usr/lib/]
  ignore line: [COLLECT_GCC_OPTIONS='-v' '-o' 'cmTC_4fe7b' '-shared-libgcc' '-mtune=generic' '-march=x86-64']
  link line: [ /usr/local/libexec/gcc/x86_64-pc-linux-gnu/7.2.0/collect2 -plugin /usr/local/libexec/gcc/x86_64-pc-linux-gnu/7.2.0/liblto_plugin.so -plugin-opt=/usr/local/libexec/gcc/x86_64-pc-linux-gnu/7.2.0/lto-wrapper -plugin-opt=-fresolution=/tmp/cccn2C4p.res -plugin-opt=-pass-through=-lgcc_s -plugin-opt=-pass-through=-lgcc -plugin-opt=-pass-through=-lc -plugin-opt=-pass-through=-lgcc_s -plugin-opt=-pass-through=-lgcc --eh-frame-hdr -m elf_x86_64 -dynamic-linker /lib64/ld-linux-x86-64.so.2 -o cmTC_4fe7b /usr/lib/x86_64-linux-gnu/crt1.o /usr/lib/x86_64-linux-gnu/crti.o /usr/local/lib/gcc/x86_64-pc-linux-gnu/7.2.0/crtbegin.o -L/usr/local/lib/gcc/x86_64-pc-linux-gnu/7.2.0 -L/usr/local/lib/gcc/x86_64-pc-linux-gnu/7.2.0/../../../../lib64 -L/lib/x86_64-linux-gnu -L/lib/../lib64 -L/usr/lib/x86_64-linux-gnu -L/usr/local/lib/gcc/x86_64-pc-linux-gnu/7.2.0/../../.. CMakeFiles/cmTC_4fe7b.dir/CMakeCXXCompilerABI.cpp.o -lstdc++ -lm -lgcc_s -lgcc -lc -lgcc_s -lgcc /usr/local/lib/gcc/x86_64-pc-linux-gnu/7.2.0/crtend.o /usr/lib/x86_64-linux-gnu/crtn.o]
    arg [/usr/local/libexec/gcc/x86_64-pc-linux-gnu/7.2.0/collect2] ==> ignore
    arg [-plugin] ==> ignore
    arg [/usr/local/libexec/gcc/x86_64-pc-linux-gnu/7.2.0/liblto_plugin.so] ==> ignore
    arg [-plugin-opt=/usr/local/libexec/gcc/x86_64-pc-linux-gnu/7.2.0/lto-wrapper] ==> ignore
    arg [-plugin-opt=-fresolution=/tmp/cccn2C4p.res] ==> ignore
    arg [-plugin-opt=-pass-through=-lgcc_s] ==> ignore
    arg [-plugin-opt=-pass-through=-lgcc] ==> ignore
    arg [-plugin-opt=-pass-through=-lc] ==> ignore
    arg [-plugin-opt=-pass-through=-lgcc_s] ==> ignore
    arg [-plugin-opt=-pass-through=-lgcc] ==> ignore
    arg [--eh-frame-hdr] ==> ignore
    arg [-m] ==> ignore
    arg [elf_x86_64] ==> ignore
    arg [-dynamic-linker] ==> ignore
    arg [/lib64/ld-linux-x86-64.so.2] ==> ignore
    arg [-o] ==> ignore
    arg [cmTC_4fe7b] ==> ignore
    arg [/usr/lib/x86_64-linux-gnu/crt1.o] ==> ignore
    arg [/usr/lib/x86_64-linux-gnu/crti.o] ==> ignore
    arg [/usr/local/lib/gcc/x86_64-pc-linux-gnu/7.2.0/crtbegin.o] ==> ignore
    arg [-L/usr/local/lib/gcc/x86_64-pc-linux-gnu/7.2.0] ==> dir [/usr/local/lib/gcc/x86_64-pc-linux-gnu/7.2.0]
    arg [-L/usr/local/lib/gcc/x86_64-pc-linux-gnu/7.2.0/../../../../lib64] ==> dir [/usr/local/lib/gcc/x86_64-pc-linux-gnu/7.2.0/../../../../lib64]
    arg [-L/lib/x86_64-linux-gnu] ==> dir [/lib/x86_64-linux-gnu]
    arg [-L/lib/../lib64] ==> dir [/lib/../lib64]
    arg [-L/usr/lib/x86_64-linux-gnu] ==> dir [/usr/lib/x86_64-linux-gnu]
    arg [-L/usr/local/lib/gcc/x86_64-pc-linux-gnu/7.2.0/../../..] ==> dir [/usr/local/lib/gcc/x86_64-pc-linux-gnu/7.2.0/../../..]
    arg [CMakeFiles/cmTC_4fe7b.dir/CMakeCXXCompilerABI.cpp.o] ==> ignore
    arg [-lstdc++] ==> lib [stdc++]
    arg [-lm] ==> lib [m]
    arg [-lgcc_s] ==> lib [gcc_s]
    arg [-lgcc] ==> lib [gcc]
    arg [-lc] ==> lib [c]
    arg [-lgcc_s] ==> lib [gcc_s]
    arg [-lgcc] ==> lib [gcc]
    arg [/usr/local/lib/gcc/x86_64-pc-linux-gnu/7.2.0/crtend.o] ==> ignore
    arg [/usr/lib/x86_64-linux-gnu/crtn.o] ==> ignore
  collapse library dir [/usr/local/lib/gcc/x86_64-pc-linux-gnu/7.2.0] ==> [/usr/local/lib/gcc/x86_64-pc-linux-gnu/7.2.0]
  collapse library dir [/usr/local/lib/gcc/x86_64-pc-linux-gnu/7.2.0/../../../../lib64] ==> [/usr/local/lib64]
  collapse library dir [/lib/x86_64-linux-gnu] ==> [/lib/x86_64-linux-gnu]
  collapse library dir [/lib/../lib64] ==> [/lib64]
  collapse library dir [/usr/lib/x86_64-linux-gnu] ==> [/usr/lib/x86_64-linux-gnu]
  collapse library dir [/usr/local/lib/gcc/x86_64-pc-linux-gnu/7.2.0/../../..] ==> [/usr/local/lib]
  implicit libs: [stdc++;m;gcc_s;gcc;c;gcc_s;gcc]
  implicit dirs: [/usr/local/lib/gcc/x86_64-pc-linux-gnu/7.2.0;/usr/local/lib64;/lib/x86_64-linux-gnu;/lib64;/usr/lib/x86_64-linux-gnu;/usr/local/lib]
  implicit fwks: []




Detecting CXX [-std=c++1z] compiler features compiled with the following output:
Change Dir: /home/diehigh/Desktop/test_aws/CMakeFiles/CMakeTmp

Run Build Command:"/usr/bin/make" "cmTC_479a9/fast"
/usr/bin/make -f CMakeFiles/cmTC_479a9.dir/build.make CMakeFiles/cmTC_479a9.dir/build
make[1]: Entering directory '/home/diehigh/Desktop/test_aws/CMakeFiles/CMakeTmp'
Building CXX object CMakeFiles/cmTC_479a9.dir/feature_tests.cxx.o
/usr/local/bin/g++    -std=c++1z -o CMakeFiles/cmTC_479a9.dir/feature_tests.cxx.o -c /home/diehigh/Desktop/test_aws/CMakeFiles/feature_tests.cxx
Linking CXX executable cmTC_479a9
/usr/local/bin/cmake -E cmake_link_script CMakeFiles/cmTC_479a9.dir/link.txt --verbose=1
/usr/local/bin/g++       CMakeFiles/cmTC_479a9.dir/feature_tests.cxx.o  -o cmTC_479a9 
make[1]: Leaving directory '/home/diehigh/Desktop/test_aws/CMakeFiles/CMakeTmp'


    Feature record: CXX_FEATURE:1cxx_aggregate_default_initializers
    Feature record: CXX_FEATURE:1cxx_alias_templates
    Feature record: CXX_FEATURE:1cxx_alignas
    Feature record: CXX_FEATURE:1cxx_alignof
    Feature record: CXX_FEATURE:1cxx_attributes
    Feature record: CXX_FEATURE:1cxx_attribute_deprecated
    Feature record: CXX_FEATURE:1cxx_auto_type
    Feature record: CXX_FEATURE:1cxx_binary_literals
    Feature record: CXX_FEATURE:1cxx_constexpr
    Feature record: CXX_FEATURE:1cxx_contextual_conversions
    Feature record: CXX_FEATURE:1cxx_decltype
    Feature record: CXX_FEATURE:1cxx_decltype_auto
    Feature record: CXX_FEATURE:1cxx_decltype_incomplete_return_types
    Feature record: CXX_FEATURE:1cxx_default_function_template_args
    Feature record: CXX_FEATURE:1cxx_defaulted_functions
    Feature record: CXX_FEATURE:1cxx_defaulted_move_initializers
    Feature record: CXX_FEATURE:1cxx_delegating_constructors
    Feature record: CXX_FEATURE:1cxx_deleted_functions
    Feature record: CXX_FEATURE:1cxx_digit_separators
    Feature record: CXX_FEATURE:1cxx_enum_forward_declarations
    Feature record: CXX_FEATURE:1cxx_explicit_conversions
    Feature record: CXX_FEATURE:1cxx_extended_friend_declarations
    Feature record: CXX_FEATURE:1cxx_extern_templates
    Feature record: CXX_FEATURE:1cxx_final
    Feature record: CXX_FEATURE:1cxx_func_identifier
    Feature record: CXX_FEATURE:1cxx_generalized_initializers
    Feature record: CXX_FEATURE:1cxx_generic_lambdas
    Feature record: CXX_FEATURE:1cxx_inheriting_constructors
    Feature record: CXX_FEATURE:1cxx_inline_namespaces
    Feature record: CXX_FEATURE:1cxx_lambdas
    Feature record: CXX_FEATURE:1cxx_lambda_init_captures
    Feature record: CXX_FEATURE:1cxx_local_type_template_args
    Feature record: CXX_FEATURE:1cxx_long_long_type
    Feature record: CXX_FEATURE:1cxx_noexcept
    Feature record: CXX_FEATURE:1cxx_nonstatic_member_init
    Feature record: CXX_FEATURE:1cxx_nullptr
    Feature record: CXX_FEATURE:1cxx_override
    Feature record: CXX_FEATURE:1cxx_range_for
    Feature record: CXX_FEATURE:1cxx_raw_string_literals
    Feature record: CXX_FEATURE:1cxx_reference_qualified_functions
    Feature record: CXX_FEATURE:1cxx_relaxed_constexpr
    Feature record: CXX_FEATURE:1cxx_return_type_deduction
    Feature record: CXX_FEATURE:1cxx_right_angle_brackets
    Feature record: CXX_FEATURE:1cxx_rvalue_references
    Feature record: CXX_FEATURE:1cxx_sizeof_member
    Feature record: CXX_FEATURE:1cxx_static_assert
    Feature record: CXX_FEATURE:1cxx_strong_enums
    Feature record: CXX_FEATURE:1cxx_template_template_parameters
    Feature record: CXX_FEATURE:1cxx_thread_local
    Feature record: CXX_FEATURE:1cxx_trailing_return_types
    Feature record: CXX_FEATURE:1cxx_unicode_literals
    Feature record: CXX_FEATURE:1cxx_uniform_initialization
    Feature record: CXX_FEATURE:1cxx_unrestricted_unions
    Feature record: CXX_FEATURE:1cxx_user_literals
    Feature record: CXX_FEATURE:1cxx_variable_templates
    Feature record: CXX_FEATURE:1cxx_variadic_macros
    Feature record: CXX_FEATURE:1cxx_variadic_templates


Detecting CXX [-std=c++14] compiler features compiled with the following output:
Change Dir: /home/diehigh/Desktop/test_aws/CMakeFiles/CMakeTmp

Run Build Command:"/usr/bin/make" "cmTC_51126/fast"
/usr/bin/make -f CMakeFiles/cmTC_51126.dir/build.make CMakeFiles/cmTC_51126.dir/build
make[1]: Entering directory '/home/diehigh/Desktop/test_aws/CMakeFiles/CMakeTmp'
Building CXX object CMakeFiles/cmTC_51126.dir/feature_tests.cxx.o
/usr/local/bin/g++    -std=c++14 -o CMakeFiles/cmTC_51126.dir/feature_tests.cxx.o -c /home/diehigh/Desktop/test_aws/CMakeFiles/feature_tests.cxx
Linking CXX executable cmTC_51126
/usr/local/bin/cmake -E cmake_link_script CMakeFiles/cmTC_51126.dir/link.txt --verbose=1
/usr/local/bin/g++       CMakeFiles/cmTC_51126.dir/feature_tests.cxx.o  -o cmTC_51126 
make[1]: Leaving directory '/home/diehigh/Desktop/test_aws/CMakeFiles/CMakeTmp'


    Feature record: CXX_FEATURE:1cxx_aggregate_default_initializers
    Feature record: CXX_FEATURE:1cxx_alias_templates
    Feature record: CXX_FEATURE:1cxx_alignas
    Feature record: CXX_FEATURE:1cxx_alignof
    Feature record: CXX_FEATURE:1cxx_attributes
    Feature record: CXX_FEATURE:1cxx_attribute_deprecated
    Feature record: CXX_FEATURE:1cxx_auto_type
    Feature record: CXX_FEATURE:1cxx_binary_literals
    Feature record: CXX_FEATURE:1cxx_constexpr
    Feature record: CXX_FEATURE:1cxx_contextual_conversions
    Feature record: CXX_FEATURE:1cxx_decltype
    Feature record: CXX_FEATURE:1cxx_decltype_auto
    Feature record: CXX_FEATURE:1cxx_decltype_incomplete_return_types
    Feature record: CXX_FEATURE:1cxx_default_function_template_args
    Feature record: CXX_FEATURE:1cxx_defaulted_functions
    Feature record: CXX_FEATURE:1cxx_defaulted_move_initializers
    Feature record: CXX_FEATURE:1cxx_delegating_constructors
    Feature record: CXX_FEATURE:1cxx_deleted_functions
    Feature record: CXX_FEATURE:1cxx_digit_separators
    Feature record: CXX_FEATURE:1cxx_enum_forward_declarations
    Feature record: CXX_FEATURE:1cxx_explicit_conversions
    Feature record: CXX_FEATURE:1cxx_extended_friend_declarations
    Feature record: CXX_FEATURE:1cxx_extern_templates
    Feature record: CXX_FEATURE:1cxx_final
    Feature record: CXX_FEATURE:1cxx_func_identifier
    Feature record: CXX_FEATURE:1cxx_generalized_initializers
    Feature record: CXX_FEATURE:1cxx_generic_lambdas
    Feature record: CXX_FEATURE:1cxx_inheriting_constructors
    Feature record: CXX_FEATURE:1cxx_inline_namespaces
    Feature record: CXX_FEATURE:1cxx_lambdas
    Feature record: CXX_FEATURE:1cxx_lambda_init_captures
    Feature record: CXX_FEATURE:1cxx_local_type_template_args
    Feature record: CXX_FEATURE:1cxx_long_long_type
    Feature record: CXX_FEATURE:1cxx_noexcept
    Feature record: CXX_FEATURE:1cxx_nonstatic_member_init
    Feature record: CXX_FEATURE:1cxx_nullptr
    Feature record: CXX_FEATURE:1cxx_override
    Feature record: CXX_FEATURE:1cxx_range_for
    Feature record: CXX_FEATURE:1cxx_raw_string_literals
    Feature record: CXX_FEATURE:1cxx_reference_qualified_functions
    Feature record: CXX_FEATURE:1cxx_relaxed_constexpr
    Feature record: CXX_FEATURE:1cxx_return_type_deduction
    Feature record: CXX_FEATURE:1cxx_right_angle_brackets
    Feature record: CXX_FEATURE:1cxx_rvalue_references
    Feature record: CXX_FEATURE:1cxx_sizeof_member
    Feature record: CXX_FEATURE:1cxx_static_assert
    Feature record: CXX_FEATURE:1cxx_strong_enums
    Feature record: CXX_FEATURE:1cxx_template_template_parameters
    Feature record: CXX_FEATURE:1cxx_thread_local
    Feature record: CXX_FEATURE:1cxx_trailing_return_types
    Feature record: CXX_FEATURE:1cxx_unicode_literals
    Feature record: CXX_FEATURE:1cxx_uniform_initialization
    Feature record: CXX_FEATURE:1cxx_unrestricted_unions
    Feature record: CXX_FEATURE:1cxx_user_literals
    Feature record: CXX_FEATURE:1cxx_variable_templates
    Feature record: CXX_FEATURE:1cxx_variadic_macros
    Feature record: CXX_FEATURE:1cxx_variadic_templates


Detecting CXX [-std=c++11] compiler features compiled with the following output:
Change Dir: /home/diehigh/Desktop/test_aws/CMakeFiles/CMakeTmp

Run Build Command:"/usr/bin/make" "cmTC_35e16/fast"
/usr/bin/make -f CMakeFiles/cmTC_35e16.dir/build.make CMakeFiles/cmTC_35e16.dir/build
make[1]: Entering directory '/home/diehigh/Desktop/test_aws/CMakeFiles/CMakeTmp'
Building CXX object CMakeFiles/cmTC_35e16.dir/feature_tests.cxx.o
/usr/local/bin/g++    -std=c++11 -o CMakeFiles/cmTC_35e16.dir/feature_tests.cxx.o -c /home/diehigh/Desktop/test_aws/CMakeFiles/feature_tests.cxx
Linking CXX executable cmTC_35e16
/usr/local/bin/cmake -E cmake_link_script CMakeFiles/cmTC_35e16.dir/link.txt --verbose=1
/usr/local/bin/g++       CMakeFiles/cmTC_35e16.dir/feature_tests.cxx.o  -o cmTC_35e16 
make[1]: Leaving directory '/home/diehigh/Desktop/test_aws/CMakeFiles/CMakeTmp'


    Feature record: CXX_FEATURE:0cxx_aggregate_default_initializers
    Feature record: CXX_FEATURE:1cxx_alias_templates
    Feature record: CXX_FEATURE:1cxx_alignas
    Feature record: CXX_FEATURE:1cxx_alignof
    Feature record: CXX_FEATURE:1cxx_attributes
    Feature record: CXX_FEATURE:0cxx_attribute_deprecated
    Feature record: CXX_FEATURE:1cxx_auto_type
    Feature record: CXX_FEATURE:0cxx_binary_literals
    Feature record: CXX_FEATURE:1cxx_constexpr
    Feature record: CXX_FEATURE:0cxx_contextual_conversions
    Feature record: CXX_FEATURE:1cxx_decltype
    Feature record: CXX_FEATURE:0cxx_decltype_auto
    Feature record: CXX_FEATURE:1cxx_decltype_incomplete_return_types
    Feature record: CXX_FEATURE:1cxx_default_function_template_args
    Feature record: CXX_FEATURE:1cxx_defaulted_functions
    Feature record: CXX_FEATURE:1cxx_defaulted_move_initializers
    Feature record: CXX_FEATURE:1cxx_delegating_constructors
    Feature record: CXX_FEATURE:1cxx_deleted_functions
    Feature record: CXX_FEATURE:0cxx_digit_separators
    Feature record: CXX_FEATURE:1cxx_enum_forward_declarations
    Feature record: CXX_FEATURE:1cxx_explicit_conversions
    Feature record: CXX_FEATURE:1cxx_extended_friend_declarations
    Feature record: CXX_FEATURE:1cxx_extern_templates
    Feature record: CXX_FEATURE:1cxx_final
    Feature record: CXX_FEATURE:1cxx_func_identifier
    Feature record: CXX_FEATURE:1cxx_generalized_initializers
    Feature record: CXX_FEATURE:0cxx_generic_lambdas
    Feature record: CXX_FEATURE:1cxx_inheriting_constructors
    Feature record: CXX_FEATURE:1cxx_inline_namespaces
    Feature record: CXX_FEATURE:1cxx_lambdas
    Feature record: CXX_FEATURE:0cxx_lambda_init_captures
    Feature record: CXX_FEATURE:1cxx_local_type_template_args
    Feature record: CXX_FEATURE:1cxx_long_long_type
    Feature record: CXX_FEATURE:1cxx_noexcept
    Feature record: CXX_FEATURE:1cxx_nonstatic_member_init
    Feature record: CXX_FEATURE:1cxx_nullptr
    Feature record: CXX_FEATURE:1cxx_override
    Feature record: CXX_FEATURE:1cxx_range_for
    Feature record: CXX_FEATURE:1cxx_raw_string_literals
    Feature record: CXX_FEATURE:1cxx_reference_qualified_functions
    Feature record: CXX_FEATURE:0cxx_relaxed_constexpr
    Feature record: CXX_FEATURE:0cxx_return_type_deduction
    Feature record: CXX_FEATURE:1cxx_right_angle_brackets
    Feature record: CXX_FEATURE:1cxx_rvalue_references
    Feature record: CXX_FEATURE:1cxx_sizeof_member
    Feature record: CXX_FEATURE:1cxx_static_assert
    Feature record: CXX_FEATURE:1cxx_strong_enums
    Feature record: CXX_FEATURE:1cxx_template_template_parameters
    Feature record: CXX_FEATURE:1cxx_thread_local
    Feature record: CXX_FEATURE:1cxx_trailing_return_types
    Feature record: CXX_FEATURE:1cxx_unicode_literals
    Feature record: CXX_FEATURE:1cxx_uniform_initialization
    Feature record: CXX_FEATURE:1cxx_unrestricted_unions
    Feature record: CXX_FEATURE:1cxx_user_literals
    Feature record: CXX_FEATURE:0cxx_variable_templates
    Feature record: CXX_FEATURE:1cxx_variadic_macros
    Feature record: CXX_FEATURE:1cxx_variadic_templates


Detecting CXX [-std=c++98] compiler features compiled with the following output:
Change Dir: /home/diehigh/Desktop/test_aws/CMakeFiles/CMakeTmp

Run Build Command:"/usr/bin/make" "cmTC_6b383/fast"
/usr/bin/make -f CMakeFiles/cmTC_6b383.dir/build.make CMakeFiles/cmTC_6b383.dir/build
make[1]: Entering directory '/home/diehigh/Desktop/test_aws/CMakeFiles/CMakeTmp'
Building CXX object CMakeFiles/cmTC_6b383.dir/feature_tests.cxx.o
/usr/local/bin/g++    -std=c++98 -o CMakeFiles/cmTC_6b383.dir/feature_tests.cxx.o -c /home/diehigh/Desktop/test_aws/CMakeFiles/feature_tests.cxx
Linking CXX executable cmTC_6b383
/usr/local/bin/cmake -E cmake_link_script CMakeFiles/cmTC_6b383.dir/link.txt --verbose=1
/usr/local/bin/g++       CMakeFiles/cmTC_6b383.dir/feature_tests.cxx.o  -o cmTC_6b383 
make[1]: Leaving directory '/home/diehigh/Desktop/test_aws/CMakeFiles/CMakeTmp'


    Feature record: CXX_FEATURE:0cxx_aggregate_default_initializers
    Feature record: CXX_FEATURE:0cxx_alias_templates
    Feature record: CXX_FEATURE:0cxx_alignas
    Feature record: CXX_FEATURE:0cxx_alignof
    Feature record: CXX_FEATURE:0cxx_attributes
    Feature record: CXX_FEATURE:0cxx_attribute_deprecated
    Feature record: CXX_FEATURE:0cxx_auto_type
    Feature record: CXX_FEATURE:0cxx_binary_literals
    Feature record: CXX_FEATURE:0cxx_constexpr
    Feature record: CXX_FEATURE:0cxx_contextual_conversions
    Feature record: CXX_FEATURE:0cxx_decltype
    Feature record: CXX_FEATURE:0cxx_decltype_auto
    Feature record: CXX_FEATURE:0cxx_decltype_incomplete_return_types
    Feature record: CXX_FEATURE:0cxx_default_function_template_args
    Feature record: CXX_FEATURE:0cxx_defaulted_functions
    Feature record: CXX_FEATURE:0cxx_defaulted_move_initializers
    Feature record: CXX_FEATURE:0cxx_delegating_constructors
    Feature record: CXX_FEATURE:0cxx_deleted_functions
    Feature record: CXX_FEATURE:0cxx_digit_separators
    Feature record: CXX_FEATURE:0cxx_enum_forward_declarations
    Feature record: CXX_FEATURE:0cxx_explicit_conversions
    Feature record: CXX_FEATURE:0cxx_extended_friend_declarations
    Feature record: CXX_FEATURE:0cxx_extern_templates
    Feature record: CXX_FEATURE:0cxx_final
    Feature record: CXX_FEATURE:0cxx_func_identifier
    Feature record: CXX_FEATURE:0cxx_generalized_initializers
    Feature record: CXX_FEATURE:0cxx_generic_lambdas
    Feature record: CXX_FEATURE:0cxx_inheriting_constructors
    Feature record: CXX_FEATURE:0cxx_inline_namespaces
    Feature record: CXX_FEATURE:0cxx_lambdas
    Feature record: CXX_FEATURE:0cxx_lambda_init_captures
    Feature record: CXX_FEATURE:0cxx_local_type_template_args
    Feature record: CXX_FEATURE:0cxx_long_long_type
    Feature record: CXX_FEATURE:0cxx_noexcept
    Feature record: CXX_FEATURE:0cxx_nonstatic_member_init
    Feature record: CXX_FEATURE:0cxx_nullptr
    Feature record: CXX_FEATURE:0cxx_override
    Feature record: CXX_FEATURE:0cxx_range_for
    Feature record: CXX_FEATURE:0cxx_raw_string_literals
    Feature record: CXX_FEATURE:0cxx_reference_qualified_functions
    Feature record: CXX_FEATURE:0cxx_relaxed_constexpr
    Feature record: CXX_FEATURE:0cxx_return_type_deduction
    Feature record: CXX_FEATURE:0cxx_right_angle_brackets
    Feature record: CXX_FEATURE:0cxx_rvalue_references
    Feature record: CXX_FEATURE:0cxx_sizeof_member
    Feature record: CXX_FEATURE:0cxx_static_assert
    Feature record: CXX_FEATURE:0cxx_strong_enums
    Feature record: CXX_FEATURE:1cxx_template_template_parameters
    Feature record: CXX_FEATURE:0cxx_thread_local
    Feature record: CXX_FEATURE:0cxx_trailing_return_types
    Feature record: CXX_FEATURE:0cxx_unicode_literals
    Feature record: CXX_FEATURE:0cxx_uniform_initialization
    Feature record: CXX_FEATURE:0cxx_unrestricted_unions
    Feature record: CXX_FEATURE:0cxx_user_literals
    Feature record: CXX_FEATURE:0cxx_variable_templates
    Feature record: CXX_FEATURE:0cxx_variadic_macros
    Feature record: CXX_FEATURE:0cxx_variadic_templates
